TN:
SF:/home/cory/development/Personal/TheBaseballGauge/gamechanger/webpack.config.js
FNF:0
FNH:0
DA:1,0
DA:2,0
DA:4,0
LF:3
LH:0
BRF:0
BRH:0
end_of_record
TN:
SF:/home/cory/development/Personal/TheBaseballGauge/gamechanger/coverage/lcov-report/block-navigation.js
FN:2,init
FN:24,toggleClass
FN:31,makeCurrent
FN:41,goToPrevious
FN:52,goToNext
FN:65,jump
FNF:6
FNH:0
FNDA:0,init
FNDA:0,toggleClass
FNDA:0,makeCurrent
FNDA:0,goToPrevious
FNDA:0,goToNext
FNDA:0,jump
DA:2,0
DA:4,0
DA:7,0
DA:10,0
DA:14,0
DA:20,0
DA:25,0
DA:28,0
DA:32,0
DA:33,0
DA:34,0
DA:42,0
DA:43,0
DA:44,0
DA:45,0
DA:46,0
DA:49,0
DA:53,0
DA:55,0
DA:59,0
DA:62,0
DA:65,0
DA:66,0
DA:69,0
DA:70,0
DA:74,0
DA:75,0
DA:79,0
LF:28
LH:0
BRDA:43,0,0,0
BRDA:43,0,1,0
BRDA:43,1,0,0
BRDA:43,1,1,0
BRDA:45,2,0,0
BRDA:45,2,1,0
BRDA:55,3,0,0
BRDA:55,3,1,0
BRDA:56,4,0,0
BRDA:56,4,1,0
BRDA:66,5,0,0
BRDA:66,5,1,0
BRDA:66,5,2,0
BRDA:66,5,3,0
BRDA:66,5,4,0
BRF:15
BRH:0
end_of_record
TN:
SF:/home/cory/development/Personal/TheBaseballGauge/gamechanger/coverage/lcov-report/prettify.js
FN:2,(anonymous_0)
FN:2,k
FN:2,ab
FN:2,T
FN:2,X
FN:2,(anonymous_5)
FN:2,W
FN:2,(anonymous_7)
FN:2,a
FN:2,aa
FN:2,B
FN:2,o
FN:2,g
FN:2,(anonymous_13)
FN:2,(anonymous_14)
FN:2,i
FN:2,Q
FN:2,ae
FN:2,ad
FN:2,ai
FN:2,D
FN:2,c
FN:2,q
FN:2,d
FN:2,y
FN:2,b
FN:2,Y
FN:2,(anonymous_27)
FN:2,U
FNF:29
FNH:0
FNDA:0,(anonymous_0)
FNDA:0,k
FNDA:0,ab
FNDA:0,T
FNDA:0,X
FNDA:0,(anonymous_5)
FNDA:0,W
FNDA:0,(anonymous_7)
FNDA:0,a
FNDA:0,aa
FNDA:0,B
FNDA:0,o
FNDA:0,g
FNDA:0,(anonymous_13)
FNDA:0,(anonymous_14)
FNDA:0,i
FNDA:0,Q
FNDA:0,ae
FNDA:0,ad
FNDA:0,ai
FNDA:0,D
FNDA:0,c
FNDA:0,q
FNDA:0,d
FNDA:0,y
FNDA:0,b
FNDA:0,Y
FNDA:0,(anonymous_27)
FNDA:0,U
DA:2,0
LF:1
LH:0
BRDA:2,0,0,0
BRDA:2,0,1,0
BRDA:2,1,0,0
BRDA:2,1,1,0
BRDA:2,2,0,0
BRDA:2,2,1,0
BRDA:2,3,0,0
BRDA:2,3,1,0
BRDA:2,4,0,0
BRDA:2,4,1,0
BRDA:2,5,0,0
BRDA:2,5,1,0
BRDA:2,6,0,0
BRDA:2,6,1,0
BRDA:2,7,0,0
BRDA:2,7,1,0
BRDA:2,8,0,0
BRDA:2,8,1,0
BRDA:2,9,0,0
BRDA:2,9,1,0
BRDA:2,10,0,0
BRDA:2,10,1,0
BRDA:2,11,0,0
BRDA:2,11,1,0
BRDA:2,11,2,0
BRDA:2,11,3,0
BRDA:2,12,0,0
BRDA:2,12,1,0
BRDA:2,13,0,0
BRDA:2,13,1,0
BRDA:2,14,0,0
BRDA:2,14,1,0
BRDA:2,15,0,0
BRDA:2,15,1,0
BRDA:2,16,0,0
BRDA:2,16,1,0
BRDA:2,17,0,0
BRDA:2,17,1,0
BRDA:2,18,0,0
BRDA:2,18,1,0
BRDA:2,19,0,0
BRDA:2,19,1,0
BRDA:2,20,0,0
BRDA:2,20,1,0
BRDA:2,21,0,0
BRDA:2,21,1,0
BRDA:2,22,0,0
BRDA:2,22,1,0
BRDA:2,23,0,0
BRDA:2,23,1,0
BRDA:2,24,0,0
BRDA:2,24,1,0
BRDA:2,25,0,0
BRDA:2,25,1,0
BRDA:2,26,0,0
BRDA:2,26,1,0
BRDA:2,27,0,0
BRDA:2,27,1,0
BRDA:2,28,0,0
BRDA:2,28,1,0
BRDA:2,29,0,0
BRDA:2,29,1,0
BRDA:2,30,0,0
BRDA:2,30,1,0
BRDA:2,31,0,0
BRDA:2,31,1,0
BRDA:2,32,0,0
BRDA:2,32,1,0
BRDA:2,33,0,0
BRDA:2,33,1,0
BRDA:2,34,0,0
BRDA:2,34,1,0
BRDA:2,35,0,0
BRDA:2,35,1,0
BRDA:2,36,0,0
BRDA:2,36,1,0
BRDA:2,37,0,0
BRDA:2,37,1,0
BRDA:2,38,0,0
BRDA:2,38,1,0
BRDA:2,39,0,0
BRDA:2,39,1,0
BRDA:2,40,0,0
BRDA:2,40,1,0
BRDA:2,41,0,0
BRDA:2,41,1,0
BRDA:2,42,0,0
BRDA:2,42,1,0
BRDA:2,43,0,0
BRDA:2,43,1,0
BRDA:2,44,0,0
BRDA:2,44,1,0
BRDA:2,45,0,0
BRDA:2,45,1,0
BRDA:2,46,0,0
BRDA:2,46,1,0
BRDA:2,47,0,0
BRDA:2,47,1,0
BRDA:2,48,0,0
BRDA:2,48,1,0
BRDA:2,49,0,0
BRDA:2,49,1,0
BRDA:2,50,0,0
BRDA:2,50,1,0
BRDA:2,50,2,0
BRDA:2,51,0,0
BRDA:2,51,1,0
BRDA:2,52,0,0
BRDA:2,52,1,0
BRDA:2,53,0,0
BRDA:2,53,1,0
BRDA:2,54,0,0
BRDA:2,54,1,0
BRDA:2,55,0,0
BRDA:2,55,1,0
BRDA:2,56,0,0
BRDA:2,56,1,0
BRDA:2,57,0,0
BRDA:2,57,1,0
BRDA:2,58,0,0
BRDA:2,58,1,0
BRDA:2,59,0,0
BRDA:2,59,1,0
BRDA:2,60,0,0
BRDA:2,60,1,0
BRDA:2,61,0,0
BRDA:2,61,1,0
BRDA:2,62,0,0
BRDA:2,62,1,0
BRDA:2,63,0,0
BRDA:2,63,1,0
BRDA:2,64,0,0
BRDA:2,64,1,0
BRDA:2,65,0,0
BRDA:2,65,1,0
BRDA:2,66,0,0
BRDA:2,66,1,0
BRDA:2,67,0,0
BRDA:2,67,1,0
BRDA:2,68,0,0
BRDA:2,68,1,0
BRDA:2,69,0,0
BRDA:2,69,1,0
BRDA:2,70,0,0
BRDA:2,70,1,0
BRDA:2,71,0,0
BRDA:2,71,1,0
BRDA:2,72,0,0
BRDA:2,72,1,0
BRDA:2,73,0,0
BRDA:2,73,1,0
BRDA:2,74,0,0
BRDA:2,74,1,0
BRDA:2,75,0,0
BRDA:2,75,1,0
BRDA:2,76,0,0
BRDA:2,76,1,0
BRDA:2,77,0,0
BRDA:2,77,1,0
BRDA:2,78,0,0
BRDA:2,78,1,0
BRDA:2,79,0,0
BRDA:2,79,1,0
BRDA:2,80,0,0
BRDA:2,80,1,0
BRDA:2,81,0,0
BRDA:2,81,1,0
BRDA:2,82,0,0
BRDA:2,82,1,0
BRDA:2,83,0,0
BRDA:2,83,1,0
BRDA:2,84,0,0
BRDA:2,84,1,0
BRDA:2,85,0,0
BRDA:2,85,1,0
BRDA:2,86,0,0
BRDA:2,86,1,0
BRDA:2,87,0,0
BRDA:2,87,1,0
BRDA:2,88,0,0
BRDA:2,88,1,0
BRDA:2,89,0,0
BRDA:2,89,1,0
BRDA:2,89,2,0
BRDA:2,90,0,0
BRDA:2,90,1,0
BRDA:2,91,0,0
BRDA:2,91,1,0
BRDA:2,92,0,0
BRDA:2,92,1,0
BRDA:2,93,0,0
BRDA:2,93,1,0
BRDA:2,94,0,0
BRDA:2,94,1,0
BRDA:2,95,0,0
BRDA:2,95,1,0
BRDA:2,96,0,0
BRDA:2,96,1,0
BRDA:2,97,0,0
BRDA:2,97,1,0
BRDA:2,98,0,0
BRDA:2,98,1,0
BRDA:2,99,0,0
BRDA:2,99,1,0
BRDA:2,100,0,0
BRDA:2,100,1,0
BRDA:2,101,0,0
BRDA:2,101,1,0
BRDA:2,102,0,0
BRDA:2,102,1,0
BRDA:2,103,0,0
BRDA:2,103,1,0
BRDA:2,104,0,0
BRDA:2,104,1,0
BRDA:2,105,0,0
BRDA:2,105,1,0
BRDA:2,106,0,0
BRDA:2,106,1,0
BRDA:2,107,0,0
BRDA:2,107,1,0
BRDA:2,108,0,0
BRDA:2,108,1,0
BRDA:2,109,0,0
BRDA:2,109,1,0
BRDA:2,110,0,0
BRDA:2,110,1,0
BRDA:2,111,0,0
BRDA:2,111,1,0
BRDA:2,112,0,0
BRDA:2,112,1,0
BRDA:2,113,0,0
BRDA:2,113,1,0
BRDA:2,114,0,0
BRDA:2,114,1,0
BRDA:2,115,0,0
BRDA:2,115,1,0
BRDA:2,116,0,0
BRDA:2,116,1,0
BRDA:2,117,0,0
BRDA:2,117,1,0
BRDA:2,118,0,0
BRDA:2,118,1,0
BRDA:2,119,0,0
BRDA:2,119,1,0
BRDA:2,120,0,0
BRDA:2,120,1,0
BRDA:2,121,0,0
BRDA:2,121,1,0
BRDA:2,122,0,0
BRDA:2,122,1,0
BRDA:2,123,0,0
BRDA:2,123,1,0
BRDA:2,124,0,0
BRDA:2,124,1,0
BRDA:2,125,0,0
BRDA:2,125,1,0
BRDA:2,126,0,0
BRDA:2,126,1,0
BRDA:2,127,0,0
BRDA:2,127,1,0
BRDA:2,128,0,0
BRDA:2,128,1,0
BRDA:2,128,2,0
BRDA:2,129,0,0
BRDA:2,129,1,0
BRDA:2,130,0,0
BRDA:2,130,1,0
BRDA:2,131,0,0
BRDA:2,131,1,0
BRDA:2,131,2,0
BRDA:2,131,3,0
BRDA:2,131,4,0
BRDA:2,132,0,0
BRDA:2,132,1,0
BRDA:2,133,0,0
BRDA:2,133,1,0
BRDA:2,134,0,0
BRDA:2,134,1,0
BRDA:2,135,0,0
BRDA:2,135,1,0
BRDA:2,136,0,0
BRDA:2,136,1,0
BRDA:2,137,0,0
BRDA:2,137,1,0
BRDA:2,138,0,0
BRDA:2,138,1,0
BRF:286
BRH:0
end_of_record
TN:
SF:/home/cory/development/Personal/TheBaseballGauge/gamechanger/coverage/lcov-report/sorter.js
FN:2,(anonymous_0)
FN:11,getTable
FN:15,getTableHeader
FN:19,getTableBody
FN:23,getNthColumn
FN:28,loadColumns
FN:53,loadRowData
FN:72,loadData
FN:81,sortByIndex
FN:83,(anonymous_9)
FN:95,(anonymous_10)
FN:112,removeSortIndicators
FN:120,addSortIndicators
FN:126,enableUI
FN:129,ithSorter
FN:132,(anonymous_15)
FN:159,(anonymous_16)
FNF:17
FNH:0
FNDA:0,(anonymous_0)
FNDA:0,getTable
FNDA:0,getTableHeader
FNDA:0,getTableBody
FNDA:0,getNthColumn
FNDA:0,loadColumns
FNDA:0,loadRowData
FNDA:0,loadData
FNDA:0,sortByIndex
FNDA:0,(anonymous_9)
FNDA:0,(anonymous_10)
FNDA:0,removeSortIndicators
FNDA:0,addSortIndicators
FNDA:0,enableUI
FNDA:0,ithSorter
FNDA:0,(anonymous_15)
FNDA:0,(anonymous_16)
DA:2,0
DA:5,0
DA:12,0
DA:16,0
DA:20,0
DA:24,0
DA:29,0
DA:31,0
DA:35,0
DA:36,0
DA:37,0
DA:42,0
DA:43,0
DA:44,0
DA:45,0
DA:49,0
DA:54,0
DA:57,0
DA:60,0
DA:61,0
DA:62,0
DA:63,0
DA:64,0
DA:65,0
DA:67,0
DA:69,0
DA:73,0
DA:76,0
DA:77,0
DA:82,0
DA:83,0
DA:84,0
DA:85,0
DA:86,0
DA:88,0
DA:89,0
DA:90,0
DA:91,0
DA:94,0
DA:95,0
DA:96,0
DA:100,0
DA:101,0
DA:102,0
DA:105,0
DA:107,0
DA:108,0
DA:113,0
DA:114,0
DA:116,0
DA:117,0
DA:121,0
DA:129,0
DA:130,0
DA:132,0
DA:133,0
DA:135,0
DA:136,0
DA:138,0
DA:139,0
DA:140,0
DA:141,0
DA:142,0
DA:145,0
DA:146,0
DA:149,0
DA:150,0
DA:151,0
DA:153,0
DA:159,0
DA:160,0
DA:161,0
DA:163,0
DA:164,0
DA:165,0
DA:166,0
DA:170,0
LF:77
LH:0
BRDA:40,0,0,0
BRDA:40,0,1,0
BRDA:43,1,0,0
BRDA:43,1,1,0
BRDA:64,2,0,0
BRDA:64,2,1,0
BRDA:86,3,0,0
BRDA:86,3,1,0
BRDA:86,4,0,0
BRDA:86,4,1,0
BRDA:94,5,0,0
BRDA:94,5,1,0
BRDA:121,6,0,0
BRDA:121,6,1,0
BRDA:135,7,0,0
BRDA:135,7,1,0
BRDA:146,8,0,0
BRDA:146,8,1,0
BRDA:150,9,0,0
BRDA:150,9,1,0
BRDA:160,10,0,0
BRDA:160,10,1,0
BRF:22
BRH:0
end_of_record
TN:
SF:/home/cory/development/Personal/TheBaseballGauge/gamechanger/dist/gamechanger.js
FN:1,(anonymous_0)
FN:1,n
FN:1,(anonymous_2)
FN:1,(anonymous_3)
FN:1,(anonymous_4)
FN:1,(anonymous_5)
FN:1,(anonymous_6)
FN:1,(anonymous_7)
FN:1,(anonymous_8)
FN:1,(anonymous_9)
FN:1,(anonymous_10)
FN:1,(anonymous_11)
FN:1,(anonymous_12)
FN:1,a
FN:1,i
FN:1,s
FN:1,o
FN:1,d
FN:1,l
FN:1,u
FN:1,_
FN:1,c
FN:1,m
FN:1,f
FN:1,h
FN:1,(anonymous_25)
FN:1,p
FN:1,(anonymous_27)
FN:1,g
FN:1,v
FN:1,L
FN:1,b
FN:1,Y
FN:1,k
FN:1,w
FN:1,D
FN:1,(anonymous_36)
FN:1,S
FN:1,H
FN:1,j
FN:1,O
FN:1,(anonymous_41)
FN:1,P
FN:1,A
FN:1,E
FN:1,F
FN:1,I
FN:1,G
FN:1,(anonymous_48)
FN:1,(anonymous_49)
FN:1,(anonymous_50)
FN:1,J
FN:1,(anonymous_52)
FN:1,(anonymous_53)
FN:1,U
FN:1,r
FN:1,ue
FN:1,(anonymous_57)
FN:1,_e
FN:1,(anonymous_59)
FN:1,ce
FN:1,fe
FN:1,(anonymous_62)
FN:1,he
FN:1,(anonymous_64)
FN:1,pe
FN:1,De
FN:1,Te
FN:1,(anonymous_68)
FN:1,(anonymous_69)
FN:1,(anonymous_70)
FN:1,(anonymous_71)
FN:1,(anonymous_72)
FN:1,(anonymous_73)
FN:1,He
FN:1,(anonymous_75)
FN:1,je
FN:1,Oe
FN:1,Ce
FN:1,(anonymous_79)
FN:1,(anonymous_80)
FN:1,(anonymous_81)
FN:1,(anonymous_82)
FN:1,(anonymous_83)
FN:1,(anonymous_84)
FN:1,(anonymous_85)
FN:1,(anonymous_86)
FN:1,We
FN:1,Fe
FN:1,Ne
FN:1,e
FN:1,Re
FN:1,$e
FN:1,Ge
FN:1,Je
FN:1,Ue
FN:1,Be
FN:1,(anonymous_97)
FN:1,(anonymous_98)
FN:1,(anonymous_99)
FN:1,(anonymous_100)
FN:1,(anonymous_101)
FN:1,(anonymous_102)
FN:1,(anonymous_103)
FN:1,(anonymous_104)
FN:1,(anonymous_105)
FN:1,et
FN:1,e
FN:1,tt
FN:1,nt
FN:1,(anonymous_110)
FN:1,rt
FN:1,(anonymous_112)
FN:1,(anonymous_113)
FN:1,(anonymous_114)
FN:1,(anonymous_115)
FN:1,(anonymous_116)
FN:1,(anonymous_117)
FN:1,(anonymous_118)
FN:1,(anonymous_119)
FN:1,(anonymous_120)
FN:1,(anonymous_121)
FN:1,(anonymous_122)
FN:1,(anonymous_123)
FN:1,lt
FN:1,ut
FN:1,_t
FN:1,ct
FN:1,(anonymous_128)
FN:1,mt
FN:1,(anonymous_130)
FN:1,ft
FN:1,ht
FN:1,pt
FN:1,(anonymous_134)
FN:1,(anonymous_135)
FN:1,(anonymous_136)
FN:1,Yt
FN:1,wt
FN:1,Tt
FN:1,(anonymous_140)
FN:1,(anonymous_141)
FN:1,xt
FN:1,St
FN:1,(anonymous_144)
FN:1,(anonymous_145)
FN:1,(anonymous_146)
FN:1,(anonymous_147)
FN:1,(anonymous_148)
FN:1,(anonymous_149)
FN:1,Ht
FN:1,(anonymous_151)
FN:1,jt
FN:1,(anonymous_153)
FN:1,(anonymous_154)
FN:1,(anonymous_155)
FN:1,(anonymous_156)
FN:1,(anonymous_157)
FN:1,Pt
FN:1,Et
FN:1,(anonymous_160)
FN:1,Wt
FN:1,Ft
FN:1,It
FN:1,(anonymous_164)
FN:1,(anonymous_165)
FN:1,Nt
FN:1,Rt
FN:1,$t
FN:1,Gt
FN:1,(anonymous_170)
FN:1,Bt
FN:1,Vt
FN:1,qt
FN:1,Kt
FN:1,(anonymous_175)
FN:1,Xt
FN:1,(anonymous_177)
FN:1,en
FN:1,tn
FN:1,(anonymous_180)
FN:1,rn
FN:1,ln
FN:1,un
FN:1,_n
FN:1,cn
FN:1,mn
FN:1,(anonymous_187)
FN:1,(anonymous_188)
FN:1,(anonymous_189)
FN:1,(anonymous_190)
FN:1,(anonymous_191)
FN:1,(anonymous_192)
FN:1,(anonymous_193)
FN:1,(anonymous_194)
FN:1,(anonymous_195)
FN:1,(anonymous_196)
FN:1,(anonymous_197)
FN:1,(anonymous_198)
FN:1,(anonymous_199)
FN:1,(anonymous_200)
FN:1,(anonymous_201)
FN:1,(anonymous_202)
FN:1,(anonymous_203)
FN:1,gn
FN:1,Ln
FN:1,(anonymous_206)
FN:1,(anonymous_207)
FN:1,(anonymous_208)
FN:1,(anonymous_209)
FN:1,(anonymous_210)
FN:1,(anonymous_211)
FN:1,(anonymous_212)
FN:1,(anonymous_213)
FN:1,(anonymous_214)
FN:1,(anonymous_215)
FN:1,(anonymous_216)
FN:1,(anonymous_217)
FN:1,(anonymous_218)
FN:1,(anonymous_219)
FN:1,(anonymous_220)
FN:1,(anonymous_221)
FN:1,(anonymous_222)
FN:1,(anonymous_223)
FN:1,(anonymous_224)
FN:1,(anonymous_225)
FN:1,(anonymous_226)
FN:1,(anonymous_227)
FN:1,(anonymous_228)
FN:1,(anonymous_229)
FN:1,(anonymous_230)
FN:1,(anonymous_231)
FN:1,(anonymous_232)
FN:1,(anonymous_233)
FN:1,(anonymous_234)
FN:1,(anonymous_235)
FN:1,(anonymous_236)
FN:1,(anonymous_237)
FN:1,(anonymous_238)
FN:1,(anonymous_239)
FN:1,(anonymous_240)
FN:1,(anonymous_241)
FN:1,(anonymous_242)
FN:1,(anonymous_243)
FN:1,(anonymous_244)
FN:1,(anonymous_245)
FN:1,(anonymous_246)
FN:1,(anonymous_247)
FN:1,(anonymous_248)
FN:1,(anonymous_249)
FN:1,(anonymous_250)
FN:1,(anonymous_251)
FN:1,(anonymous_252)
FN:1,(anonymous_253)
FN:1,(anonymous_254)
FN:1,(anonymous_255)
FN:1,(anonymous_256)
FN:1,(anonymous_257)
FN:1,(anonymous_258)
FN:1,(anonymous_259)
FN:1,(anonymous_260)
FN:1,(anonymous_261)
FN:1,(anonymous_262)
FN:1,(anonymous_263)
FN:1,(anonymous_264)
FN:1,(anonymous_265)
FN:1,Yn
FN:1,kn
FN:1,wn
FN:1,(anonymous_269)
FN:1,(anonymous_270)
FN:1,(anonymous_271)
FN:1,(anonymous_272)
FN:1,(anonymous_273)
FN:1,(anonymous_274)
FN:1,(anonymous_275)
FN:1,(anonymous_276)
FN:1,(anonymous_277)
FN:1,(anonymous_278)
FN:1,(anonymous_279)
FN:1,(anonymous_280)
FN:1,(anonymous_281)
FN:1,(anonymous_282)
FN:1,(anonymous_283)
FN:1,(anonymous_284)
FN:1,(anonymous_285)
FN:1,(anonymous_286)
FN:1,(anonymous_287)
FN:1,(anonymous_288)
FN:1,(anonymous_289)
FN:1,(anonymous_290)
FN:1,(anonymous_291)
FN:1,(anonymous_292)
FN:1,(anonymous_293)
FN:1,(anonymous_294)
FN:1,(anonymous_295)
FN:1,(anonymous_296)
FN:1,Tn
FN:1,xn
FN:1,Sn
FN:1,Hn
FN:1,jn
FN:1,(anonymous_302)
FN:1,Nn
FN:1,(anonymous_304)
FN:1,Zn
FN:1,Qn
FN:1,(anonymous_307)
FN:1,(anonymous_308)
FN:1,(anonymous_309)
FN:1,(anonymous_310)
FN:1,(anonymous_311)
FN:1,(anonymous_312)
FN:1,(anonymous_313)
FN:1,(anonymous_314)
FN:1,(anonymous_315)
FN:1,(anonymous_316)
FN:1,(anonymous_317)
FN:1,(anonymous_318)
FN:1,(anonymous_319)
FN:1,(anonymous_320)
FN:1,(anonymous_321)
FN:1,(anonymous_322)
FN:1,(anonymous_323)
FN:1,(anonymous_324)
FN:1,(anonymous_325)
FN:1,(anonymous_326)
FN:1,(anonymous_327)
FN:1,(anonymous_328)
FN:1,(anonymous_329)
FN:1,(anonymous_330)
FN:1,(anonymous_331)
FN:1,(anonymous_332)
FN:1,(anonymous_333)
FN:1,(anonymous_334)
FN:1,(anonymous_335)
FN:1,(anonymous_336)
FN:1,(anonymous_337)
FN:1,s
FN:1,o
FN:1,d
FN:1,l
FN:1,(anonymous_342)
FN:1,(anonymous_343)
FN:1,(anonymous_344)
FN:1,(anonymous_345)
FN:1,(anonymous_346)
FN:1,(anonymous_347)
FN:1,(anonymous_348)
FN:1,(anonymous_349)
FN:1,(anonymous_350)
FN:1,(anonymous_351)
FN:1,(anonymous_352)
FN:1,(anonymous_353)
FN:1,e
FN:1,n
FN:1,(anonymous_356)
FN:1,(anonymous_357)
FN:1,(anonymous_358)
FN:1,(anonymous_359)
FN:1,(anonymous_360)
FN:1,(anonymous_361)
FN:1,(anonymous_362)
FN:7,a
FN:7,i
FN:7,s
FN:7,o
FN:7,d
FN:7,u
FN:7,_
FN:7,c
FN:7,m
FN:7,f
FN:7,h
FN:7,p
FN:7,(anonymous_375)
FN:7,(anonymous_376)
FN:7,g
FN:7,v
FN:7,L
FN:7,(anonymous_380)
FN:7,(anonymous_381)
FN:7,(anonymous_382)
FN:7,(anonymous_383)
FN:7,(anonymous_384)
FN:7,(anonymous_385)
FN:7,(anonymous_386)
FN:7,n
FN:7,x
FN:7,S
FN:7,H
FN:7,j
FN:7,(anonymous_392)
FN:7,(anonymous_393)
FN:7,P
FN:7,(anonymous_395)
FN:7,(anonymous_396)
FN:7,A
FN:7,E
FN:7,(anonymous_399)
FN:7,R
FN:7,(anonymous_401)
FN:7,(anonymous_402)
FN:7,se
FN:7,(anonymous_404)
FN:7,e
FN:7,(anonymous_406)
FN:7,(anonymous_407)
FN:7,(anonymous_408)
FN:7,(anonymous_409)
FN:7,(anonymous_410)
FN:7,(anonymous_411)
FN:7,(anonymous_412)
FN:7,(anonymous_413)
FN:7,me
FN:7,fe
FN:7,(anonymous_416)
FN:7,(anonymous_417)
FN:7,(anonymous_418)
FN:7,ge
FN:7,Me
FN:7,(anonymous_421)
FN:7,(anonymous_422)
FN:7,ke
FN:7,(anonymous_424)
FN:7,(anonymous_425)
FN:7,De
FN:7,Te
FN:7,(anonymous_428)
FN:7,e
FN:7,(anonymous_430)
FN:7,xe
FN:7,Se
FN:7,(anonymous_433)
FN:7,(anonymous_434)
FN:7,je
FN:7,Oe
FN:7,(anonymous_437)
FN:7,(anonymous_438)
FN:7,Ce
FN:7,(anonymous_440)
FN:7,Pe
FN:7,(anonymous_442)
FN:7,(anonymous_443)
FN:7,(anonymous_444)
FN:7,(anonymous_445)
FN:7,(anonymous_446)
FN:7,(anonymous_447)
FN:7,Ee
FN:7,(anonymous_449)
FN:7,(anonymous_450)
FN:7,(anonymous_451)
FN:7,o
FN:7,We
FN:7,Fe
FN:7,(anonymous_455)
FN:7,Ie
FN:7,ze
FN:7,Ne
FN:7,Re
FN:7,$e
FN:7,(anonymous_461)
FN:7,Ge
FN:7,Je
FN:7,Ke
FN:7,(anonymous_465)
FN:7,(anonymous_466)
FN:7,(anonymous_467)
FN:7,(anonymous_468)
FN:7,tt
FN:7,(anonymous_470)
FN:7,(anonymous_471)
FN:7,rt
FN:7,e
FN:7,(anonymous_474)
FN:7,it
FN:7,n
FN:7,st
FN:7,ot
FN:7,d
FN:7,dt
FN:7,lt
FN:7,e
FN:7,ut
FN:7,_t
FN:7,ct
FN:7,mt
FN:7,ft
FN:7,ht
FN:7,(anonymous_489)
FN:7,pt
FN:7,(anonymous_491)
FN:7,yt
FN:7,gt
FN:7,Mt
FN:7,vt
FN:7,Lt
FN:7,bt
FN:7,(anonymous_498)
FN:7,(anonymous_499)
FN:7,Yt
FN:7,kt
FN:7,wt
FN:7,Dt
FN:7,Tt
FN:7,xt
FN:7,St
FN:7,Ht
FN:7,jt
FN:7,Ot
FN:7,(anonymous_510)
FN:7,(anonymous_511)
FN:7,(anonymous_512)
FN:7,(anonymous_513)
FN:7,Ct
FN:7,Pt
FN:7,(anonymous_516)
FN:7,(anonymous_517)
FN:7,(anonymous_518)
FN:7,(anonymous_519)
FN:7,(anonymous_520)
FN:7,(anonymous_521)
FN:7,e
FN:7,Wt
FN:7,(anonymous_524)
FN:7,(anonymous_525)
FN:7,(anonymous_526)
FN:7,(anonymous_527)
FN:7,(anonymous_528)
FN:7,(anonymous_529)
FN:7,(anonymous_530)
FN:7,(anonymous_531)
FN:7,(anonymous_532)
FN:7,(anonymous_533)
FN:7,(anonymous_534)
FN:7,(anonymous_535)
FN:7,Ft
FN:7,(anonymous_537)
FN:7,Nt
FN:7,(anonymous_539)
FN:7,(anonymous_540)
FN:7,e
FN:7,(anonymous_542)
FN:7,Gt
FN:7,Jt
FN:7,Ut
FN:7,Bt
FN:7,Vt
FN:7,qt
FN:7,r
FN:7,Kt
FN:7,Zt
FN:7,(anonymous_552)
FN:7,Qt
FN:7,en
FN:7,tn
FN:7,(anonymous_556)
FN:7,cn
FN:7,(anonymous_558)
FN:7,(anonymous_559)
FN:7,(anonymous_560)
FN:7,(anonymous_561)
FN:7,(anonymous_562)
FN:7,(anonymous_563)
FN:7,(anonymous_564)
FN:7,(anonymous_565)
FN:7,(anonymous_566)
FN:7,(anonymous_567)
FN:7,(anonymous_568)
FN:7,(anonymous_569)
FN:7,(anonymous_570)
FN:7,(anonymous_571)
FN:7,(anonymous_572)
FN:7,pn
FN:7,(anonymous_574)
FN:7,(anonymous_575)
FN:7,yn
FN:7,(anonymous_577)
FN:7,(anonymous_578)
FN:7,(anonymous_579)
FN:7,(anonymous_580)
FN:7,(anonymous_581)
FN:7,(anonymous_582)
FN:7,(anonymous_583)
FN:7,Mn
FN:7,vn
FN:7,(anonymous_586)
FN:7,Ln
FN:7,(anonymous_588)
FN:7,bn
FN:7,kn
FN:7,(anonymous_591)
FN:7,wn
FN:7,Dn
FN:7,(anonymous_594)
FN:7,(anonymous_595)
FN:7,(anonymous_596)
FN:7,(anonymous_597)
FN:7,(anonymous_598)
FN:7,Tn
FN:7,xn
FN:7,Sn
FN:7,Hn
FN:7,(anonymous_603)
FN:7,(anonymous_604)
FN:7,(anonymous_605)
FN:7,(anonymous_606)
FN:7,(anonymous_607)
FN:7,(anonymous_608)
FN:7,(anonymous_609)
FN:7,(anonymous_610)
FN:7,(anonymous_611)
FN:7,(anonymous_612)
FN:7,(anonymous_613)
FN:7,(anonymous_614)
FN:7,(anonymous_615)
FN:7,(anonymous_616)
FN:7,(anonymous_617)
FN:7,(anonymous_618)
FN:7,(anonymous_619)
FN:7,(anonymous_620)
FN:7,(anonymous_621)
FN:7,r
FN:7,(anonymous_623)
FN:7,(anonymous_624)
FN:7,(anonymous_625)
FN:7,(anonymous_626)
FN:7,(anonymous_627)
FN:7,(anonymous_628)
FN:7,(anonymous_629)
FN:7,(anonymous_630)
FN:7,(anonymous_631)
FN:7,(anonymous_632)
FN:7,(anonymous_633)
FN:7,(anonymous_634)
FN:7,(anonymous_635)
FN:7,(anonymous_636)
FN:7,(anonymous_637)
FN:7,(anonymous_638)
FN:7,(anonymous_639)
FN:7,(anonymous_640)
FN:7,(anonymous_641)
FN:7,(anonymous_642)
FN:7,(anonymous_643)
FN:7,(anonymous_644)
FN:7,(anonymous_645)
FN:7,(anonymous_646)
FN:7,(anonymous_647)
FN:7,(anonymous_648)
FN:7,(anonymous_649)
FN:7,(anonymous_650)
FN:7,(anonymous_651)
FN:7,(anonymous_652)
FN:7,(anonymous_653)
FN:7,(anonymous_654)
FN:7,(anonymous_655)
FN:7,$n
FN:7,(anonymous_657)
FN:7,Gn
FN:7,Jn
FN:7,Un
FN:7,(anonymous_661)
FN:7,(anonymous_662)
FN:7,(anonymous_663)
FN:7,(anonymous_664)
FN:7,(anonymous_665)
FN:7,(anonymous_666)
FN:7,(anonymous_667)
FN:7,(anonymous_668)
FN:7,(anonymous_669)
FN:7,(anonymous_670)
FN:7,(anonymous_671)
FN:7,(anonymous_672)
FN:7,(anonymous_673)
FN:7,(anonymous_674)
FN:7,(anonymous_675)
FN:7,(anonymous_676)
FN:7,(anonymous_677)
FN:7,(anonymous_678)
FN:7,tr
FN:7,ar
FN:7,(anonymous_681)
FN:7,ir
FN:7,(anonymous_683)
FN:7,or
FN:7,(anonymous_685)
FN:7,(anonymous_686)
FN:7,(anonymous_687)
FN:7,lr
FN:7,ur
FN:7,_r
FN:7,mr
FN:7,fr
FN:7,hr
FN:7,(anonymous_694)
FN:7,yr
FN:7,br
FN:7,a
FN:7,kr
FN:7,(anonymous_699)
FN:7,wr
FN:7,Dr
FN:7,(anonymous_702)
FN:7,Sr
FN:7,Hr
FN:7,(anonymous_705)
FN:7,(anonymous_706)
FN:7,(anonymous_707)
FN:7,(anonymous_708)
FN:7,Cr
FN:7,Pr
FN:7,(anonymous_711)
FN:7,(anonymous_712)
FN:7,Nr
FN:7,(anonymous_714)
FN:7,Gr
FN:7,(anonymous_716)
FN:7,Jr
FN:7,(anonymous_718)
FN:7,Ur
FN:7,(anonymous_720)
FN:7,(anonymous_721)
FN:7,na
FN:7,(anonymous_723)
FN:7,ra
FN:7,aa
FN:7,ia
FN:7,(anonymous_727)
FN:7,(anonymous_728)
FN:7,(anonymous_729)
FN:7,oa
FN:7,da
FN:7,(anonymous_732)
FN:7,la
FN:7,ua
FN:7,(anonymous_735)
FN:7,(anonymous_736)
FN:7,(anonymous_737)
FN:7,_a
FN:7,(anonymous_739)
FN:7,Y
FN:7,(anonymous_741)
FN:7,ca
FN:7,ma
FN:7,fa
FN:7,(anonymous_745)
FN:7,u
FN:7,_
FN:7,(anonymous_748)
FN:7,(anonymous_749)
FN:7,c
FN:7,m
FN:7,f
FN:7,h
FN:7,y
FN:7,g
FN:7,M
FN:7,v
FN:7,L
FN:7,b
FN:7,(anonymous_760)
FN:7,n
FN:7,Y
FN:7,k
FN:7,(anonymous_764)
FN:7,w
FN:7,T
FN:7,(anonymous_767)
FN:7,(anonymous_768)
FN:7,(anonymous_769)
FN:7,(anonymous_770)
FN:7,(anonymous_771)
FN:7,(anonymous_772)
FN:7,(anonymous_773)
FN:7,(anonymous_774)
FN:7,ya
FN:7,(anonymous_776)
FN:7,ga
FN:7,Ma
FN:7,(anonymous_779)
FN:7,va
FN:7,La
FN:7,ba
FN:7,Ya
FN:7,ka
FN:7,(anonymous_785)
FN:7,(anonymous_786)
FN:7,(anonymous_787)
FN:7,(anonymous_788)
FN:7,(anonymous_789)
FN:7,(anonymous_790)
FN:7,Ta
FN:7,xa
FN:7,Sa
FN:7,(anonymous_794)
FN:7,(anonymous_795)
FN:7,(anonymous_796)
FN:7,(anonymous_797)
FN:7,(anonymous_798)
FN:7,(anonymous_799)
FN:7,(anonymous_800)
FN:7,(anonymous_801)
FN:7,Pa
FN:7,Aa
FN:7,Ea
FN:7,(anonymous_805)
FN:7,(anonymous_806)
FN:7,(anonymous_807)
FN:7,(anonymous_808)
FN:7,(anonymous_809)
FN:7,e
FN:7,(anonymous_811)
FN:7,(anonymous_812)
FN:7,(anonymous_813)
FN:7,(anonymous_814)
FN:7,(anonymous_815)
FN:7,(anonymous_816)
FN:7,(anonymous_817)
FN:7,(anonymous_818)
FN:7,(anonymous_819)
FN:7,(anonymous_820)
FN:7,(anonymous_821)
FN:7,(anonymous_822)
FN:7,(anonymous_823)
FN:7,(anonymous_824)
FN:7,(anonymous_825)
FN:7,(anonymous_826)
FN:7,(anonymous_827)
FN:7,(anonymous_828)
FN:7,(anonymous_829)
FN:7,(anonymous_830)
FN:7,s
FN:7,(anonymous_832)
FN:7,(anonymous_833)
FN:7,(anonymous_834)
FN:7,(anonymous_835)
FN:7,(anonymous_836)
FN:7,(anonymous_837)
FN:7,(anonymous_838)
FN:7,(anonymous_839)
FN:7,r
FN:7,(anonymous_841)
FN:7,(anonymous_842)
FN:7,f
FN:7,(anonymous_844)
FN:7,h
FN:7,p
FN:7,y
FN:7,(anonymous_848)
FN:7,(anonymous_849)
FN:7,(anonymous_850)
FN:7,(anonymous_851)
FN:7,v
FN:7,(anonymous_853)
FN:7,(anonymous_854)
FN:7,(anonymous_855)
FN:7,(anonymous_856)
FN:7,(anonymous_857)
FN:7,(anonymous_858)
FN:7,(anonymous_859)
FN:7,(anonymous_860)
FN:7,(anonymous_861)
FN:7,(anonymous_862)
FN:7,(anonymous_863)
FN:7,(anonymous_864)
FN:7,(anonymous_865)
FN:7,(anonymous_866)
FN:7,(anonymous_867)
FN:7,(anonymous_868)
FN:7,(anonymous_869)
FN:7,(anonymous_870)
FN:7,(anonymous_871)
FN:7,(anonymous_872)
FN:7,(anonymous_873)
FN:7,(anonymous_874)
FN:7,(anonymous_875)
FN:7,(anonymous_876)
FN:7,(anonymous_877)
FN:7,(anonymous_878)
FN:7,(anonymous_879)
FN:7,(anonymous_880)
FN:7,(anonymous_881)
FN:7,(anonymous_882)
FN:7,(anonymous_883)
FN:7,(anonymous_884)
FN:7,(anonymous_885)
FN:7,(anonymous_886)
FN:7,(anonymous_887)
FN:7,(anonymous_888)
FN:7,(anonymous_889)
FN:7,(anonymous_890)
FN:7,(anonymous_891)
FN:7,(anonymous_892)
FN:7,(anonymous_893)
FN:7,(anonymous_894)
FN:7,(anonymous_895)
FN:7,(anonymous_896)
FN:7,(anonymous_897)
FN:7,(anonymous_898)
FN:7,(anonymous_899)
FN:7,(anonymous_900)
FN:7,(anonymous_901)
FN:7,t
FN:7,(anonymous_903)
FN:7,(anonymous_904)
FN:7,(anonymous_905)
FN:7,(anonymous_906)
FN:7,(anonymous_907)
FN:7,(anonymous_908)
FN:7,(anonymous_909)
FN:7,(anonymous_910)
FN:7,(anonymous_911)
FN:7,(anonymous_912)
FN:7,(anonymous_913)
FN:7,(anonymous_914)
FN:7,(anonymous_915)
FN:7,(anonymous_916)
FN:7,(anonymous_917)
FN:7,(anonymous_918)
FN:7,(anonymous_919)
FN:7,(anonymous_920)
FN:7,(anonymous_921)
FN:7,(anonymous_922)
FN:7,(anonymous_923)
FN:7,(anonymous_924)
FN:7,(anonymous_925)
FN:7,(anonymous_926)
FN:7,(anonymous_927)
FN:7,(anonymous_928)
FN:7,(anonymous_929)
FN:7,(anonymous_930)
FN:7,(anonymous_931)
FN:7,t
FN:7,(anonymous_933)
FN:7,(anonymous_934)
FN:7,(anonymous_935)
FN:7,e
FN:7,(anonymous_937)
FN:7,(anonymous_938)
FN:7,(anonymous_939)
FN:7,t
FN:7,(anonymous_941)
FN:7,(anonymous_942)
FN:7,(anonymous_943)
FN:7,(anonymous_944)
FN:7,(anonymous_945)
FN:7,(anonymous_946)
FN:7,(anonymous_947)
FN:7,(anonymous_948)
FN:7,(anonymous_949)
FN:7,(anonymous_950)
FN:7,(anonymous_951)
FN:7,(anonymous_952)
FN:7,i
FN:7,s
FN:7,(anonymous_955)
FN:7,(anonymous_956)
FN:7,(anonymous_957)
FN:7,(anonymous_958)
FN:7,(anonymous_959)
FN:7,(anonymous_960)
FN:7,(anonymous_961)
FN:7,(anonymous_962)
FN:7,(anonymous_963)
FN:7,(anonymous_964)
FN:7,(anonymous_965)
FN:7,(anonymous_966)
FN:7,t
FN:7,(anonymous_968)
FN:7,(anonymous_969)
FN:7,t
FN:7,(anonymous_971)
FN:7,(anonymous_972)
FN:7,t
FN:7,(anonymous_974)
FN:7,(anonymous_975)
FN:7,(anonymous_976)
FN:7,(anonymous_977)
FN:7,(anonymous_978)
FN:7,(anonymous_979)
FN:7,(anonymous_980)
FN:7,(anonymous_981)
FN:7,(anonymous_982)
FN:7,(anonymous_983)
FN:7,(anonymous_984)
FN:7,(anonymous_985)
FN:7,(anonymous_986)
FN:7,(anonymous_987)
FN:7,(anonymous_988)
FN:7,(anonymous_989)
FN:7,(anonymous_990)
FN:7,(anonymous_991)
FN:7,(anonymous_992)
FN:7,(anonymous_993)
FN:7,(anonymous_994)
FN:7,(anonymous_995)
FN:7,(anonymous_996)
FN:7,(anonymous_997)
FN:7,(anonymous_998)
FN:7,(anonymous_999)
FN:7,(anonymous_1000)
FN:7,(anonymous_1001)
FN:7,(anonymous_1002)
FN:7,(anonymous_1003)
FN:7,(anonymous_1004)
FN:7,(anonymous_1005)
FN:7,(anonymous_1006)
FN:7,(anonymous_1007)
FN:7,(anonymous_1008)
FN:7,(anonymous_1009)
FN:7,(anonymous_1010)
FN:7,(anonymous_1011)
FN:7,(anonymous_1012)
FN:7,(anonymous_1013)
FN:7,(anonymous_1014)
FN:7,(anonymous_1015)
FN:7,(anonymous_1016)
FN:7,(anonymous_1017)
FN:7,(anonymous_1018)
FN:7,(anonymous_1019)
FN:7,(anonymous_1020)
FN:7,(anonymous_1021)
FN:7,(anonymous_1022)
FN:7,(anonymous_1023)
FN:7,(anonymous_1024)
FN:7,(anonymous_1025)
FN:7,(anonymous_1026)
FN:7,(anonymous_1027)
FN:7,(anonymous_1028)
FN:7,(anonymous_1029)
FN:7,(anonymous_1030)
FN:7,(anonymous_1031)
FN:7,(anonymous_1032)
FN:7,(anonymous_1033)
FN:7,(anonymous_1034)
FN:7,(anonymous_1035)
FN:7,(anonymous_1036)
FN:7,(anonymous_1037)
FN:7,t
FN:7,(anonymous_1039)
FN:7,(anonymous_1040)
FN:7,(anonymous_1041)
FN:7,(anonymous_1042)
FN:7,(anonymous_1043)
FN:7,(anonymous_1044)
FN:7,(anonymous_1045)
FN:7,(anonymous_1046)
FN:7,(anonymous_1047)
FN:7,(anonymous_1048)
FN:7,(anonymous_1049)
FN:7,(anonymous_1050)
FN:7,r
FN:7,(anonymous_1052)
FN:7,(anonymous_1053)
FN:7,(anonymous_1054)
FN:7,(anonymous_1055)
FN:7,(anonymous_1056)
FN:7,(anonymous_1057)
FN:7,(anonymous_1058)
FN:7,(anonymous_1059)
FN:7,(anonymous_1060)
FN:7,(anonymous_1061)
FN:7,(anonymous_1062)
FN:7,(anonymous_1063)
FN:7,(anonymous_1064)
FN:7,(anonymous_1065)
FN:7,(anonymous_1066)
FN:7,(anonymous_1067)
FN:7,(anonymous_1068)
FN:7,(anonymous_1069)
FN:7,(anonymous_1070)
FN:7,(anonymous_1071)
FN:7,(anonymous_1072)
FN:7,(anonymous_1073)
FN:7,(anonymous_1074)
FN:7,(anonymous_1075)
FN:7,(anonymous_1076)
FN:7,(anonymous_1077)
FN:7,(anonymous_1078)
FN:7,(anonymous_1079)
FN:7,(anonymous_1080)
FN:7,(anonymous_1081)
FN:7,(anonymous_1082)
FN:7,(anonymous_1083)
FN:7,t
FN:7,(anonymous_1085)
FN:7,(anonymous_1086)
FN:7,(anonymous_1087)
FN:7,(anonymous_1088)
FN:7,(anonymous_1089)
FN:7,(anonymous_1090)
FN:7,(anonymous_1091)
FN:7,(anonymous_1092)
FN:7,(anonymous_1093)
FN:7,(anonymous_1094)
FN:7,(anonymous_1095)
FN:7,(anonymous_1096)
FN:7,(anonymous_1097)
FN:7,(anonymous_1098)
FN:7,(anonymous_1099)
FN:7,(anonymous_1100)
FN:7,(anonymous_1101)
FN:7,(anonymous_1102)
FN:7,(anonymous_1103)
FN:7,(anonymous_1104)
FN:7,(anonymous_1105)
FN:7,(anonymous_1106)
FN:7,(anonymous_1107)
FN:7,(anonymous_1108)
FN:7,(anonymous_1109)
FN:7,(anonymous_1110)
FN:7,(anonymous_1111)
FN:7,(anonymous_1112)
FN:7,(anonymous_1113)
FN:7,t
FN:7,(anonymous_1115)
FN:7,(anonymous_1116)
FN:7,(anonymous_1117)
FN:7,(anonymous_1118)
FN:7,n
FN:7,r
FN:7,(anonymous_1121)
FN:7,(anonymous_1122)
FN:7,(anonymous_1123)
FN:7,(anonymous_1124)
FN:7,(anonymous_1125)
FN:7,(anonymous_1126)
FN:7,(anonymous_1127)
FN:7,(anonymous_1128)
FN:7,(anonymous_1129)
FN:7,(anonymous_1130)
FN:7,(anonymous_1131)
FN:7,(anonymous_1132)
FN:7,(anonymous_1133)
FN:7,(anonymous_1134)
FN:7,(anonymous_1135)
FN:7,(anonymous_1136)
FN:7,(anonymous_1137)
FN:7,t
FN:7,n
FN:7,(anonymous_1140)
FN:7,(anonymous_1141)
FN:7,(anonymous_1142)
FN:7,(anonymous_1143)
FN:7,(anonymous_1144)
FN:7,(anonymous_1145)
FN:7,(anonymous_1146)
FN:7,(anonymous_1147)
FN:7,(anonymous_1148)
FN:7,(anonymous_1149)
FN:7,(anonymous_1150)
FN:7,(anonymous_1151)
FN:7,(anonymous_1152)
FN:7,(anonymous_1153)
FN:7,(anonymous_1154)
FN:7,(anonymous_1155)
FN:7,(anonymous_1156)
FN:7,(anonymous_1157)
FN:7,(anonymous_1158)
FN:7,(anonymous_1159)
FN:7,(anonymous_1160)
FN:7,(anonymous_1161)
FN:7,(anonymous_1162)
FN:7,(anonymous_1163)
FN:7,(anonymous_1164)
FN:7,(anonymous_1165)
FN:7,(anonymous_1166)
FN:7,(anonymous_1167)
FN:7,(anonymous_1168)
FN:7,(anonymous_1169)
FN:7,(anonymous_1170)
FN:7,(anonymous_1171)
FN:7,(anonymous_1172)
FN:7,(anonymous_1173)
FN:7,(anonymous_1174)
FN:7,(anonymous_1175)
FN:7,(anonymous_1176)
FN:7,(anonymous_1177)
FN:7,(anonymous_1178)
FN:7,(anonymous_1179)
FN:7,(anonymous_1180)
FN:7,(anonymous_1181)
FN:7,(anonymous_1182)
FN:7,(anonymous_1183)
FN:7,(anonymous_1184)
FN:7,(anonymous_1185)
FN:7,(anonymous_1186)
FN:7,(anonymous_1187)
FN:7,(anonymous_1188)
FN:7,(anonymous_1189)
FN:7,(anonymous_1190)
FN:7,(anonymous_1191)
FN:7,(anonymous_1192)
FN:7,(anonymous_1193)
FN:7,(anonymous_1194)
FN:7,(anonymous_1195)
FN:7,(anonymous_1196)
FN:7,(anonymous_1197)
FN:7,(anonymous_1198)
FN:7,(anonymous_1199)
FN:7,(anonymous_1200)
FN:7,(anonymous_1201)
FN:7,t
FN:7,n
FN:7,(anonymous_1204)
FN:7,(anonymous_1205)
FN:7,(anonymous_1206)
FN:7,(anonymous_1207)
FN:7,(anonymous_1208)
FN:7,(anonymous_1209)
FN:7,(anonymous_1210)
FN:7,(anonymous_1211)
FN:7,(anonymous_1212)
FN:7,(anonymous_1213)
FN:7,n
FN:7,r
FN:7,a
FN:7,i
FN:7,(anonymous_1218)
FN:7,(anonymous_1219)
FN:7,(anonymous_1220)
FN:7,(anonymous_1221)
FN:7,n
FN:7,r
FN:7,a
FN:7,(anonymous_1225)
FN:7,(anonymous_1226)
FN:7,(anonymous_1227)
FN:7,(anonymous_1228)
FN:7,(anonymous_1229)
FN:7,(anonymous_1230)
FN:7,(anonymous_1231)
FN:7,(anonymous_1232)
FN:7,(anonymous_1233)
FN:7,(anonymous_1234)
FN:7,(anonymous_1235)
FN:7,(anonymous_1236)
FN:7,(anonymous_1237)
FN:7,(anonymous_1238)
FN:7,(anonymous_1239)
FN:7,(anonymous_1240)
FN:7,(anonymous_1241)
FN:7,(anonymous_1242)
FN:7,(anonymous_1243)
FN:7,t
FN:7,(anonymous_1245)
FN:7,(anonymous_1246)
FN:7,(anonymous_1247)
FN:7,(anonymous_1248)
FN:7,(anonymous_1249)
FN:7,r
FN:7,(anonymous_1251)
FN:7,(anonymous_1252)
FN:7,(anonymous_1253)
FN:7,(anonymous_1254)
FN:7,(anonymous_1255)
FN:7,(anonymous_1256)
FN:7,(anonymous_1257)
FN:7,(anonymous_1258)
FN:7,(anonymous_1259)
FN:7,(anonymous_1260)
FN:7,(anonymous_1261)
FN:7,(anonymous_1262)
FN:7,(anonymous_1263)
FN:7,(anonymous_1264)
FN:7,(anonymous_1265)
FN:7,(anonymous_1266)
FN:7,(anonymous_1267)
FN:7,(anonymous_1268)
FN:7,(anonymous_1269)
FN:7,(anonymous_1270)
FN:7,(anonymous_1271)
FN:7,(anonymous_1272)
FN:7,(anonymous_1273)
FN:7,(anonymous_1274)
FN:7,(anonymous_1275)
FN:7,(anonymous_1276)
FN:7,(anonymous_1277)
FN:7,(anonymous_1278)
FN:7,(anonymous_1279)
FN:7,(anonymous_1280)
FN:7,(anonymous_1281)
FN:7,(anonymous_1282)
FN:7,(anonymous_1283)
FN:7,(anonymous_1284)
FN:7,(anonymous_1285)
FN:7,(anonymous_1286)
FN:7,(anonymous_1287)
FN:7,(anonymous_1288)
FN:7,(anonymous_1289)
FN:7,(anonymous_1290)
FN:7,(anonymous_1291)
FN:7,(anonymous_1292)
FN:7,(anonymous_1293)
FN:7,(anonymous_1294)
FN:7,(anonymous_1295)
FN:7,(anonymous_1296)
FN:7,(anonymous_1297)
FN:7,(anonymous_1298)
FN:7,(anonymous_1299)
FN:7,(anonymous_1300)
FN:7,(anonymous_1301)
FN:7,(anonymous_1302)
FN:7,r
FN:7,a
FN:7,(anonymous_1305)
FN:7,(anonymous_1306)
FN:7,(anonymous_1307)
FN:7,(anonymous_1308)
FN:7,(anonymous_1309)
FN:7,(anonymous_1310)
FN:7,(anonymous_1311)
FN:7,(anonymous_1312)
FN:7,(anonymous_1313)
FN:7,(anonymous_1314)
FN:7,(anonymous_1315)
FN:7,t
FN:7,(anonymous_1317)
FN:7,(anonymous_1318)
FN:7,t
FN:7,(anonymous_1320)
FN:7,(anonymous_1321)
FN:7,(anonymous_1322)
FN:7,(anonymous_1323)
FN:7,(anonymous_1324)
FN:7,(anonymous_1325)
FN:7,(anonymous_1326)
FN:7,(anonymous_1327)
FN:7,(anonymous_1328)
FN:7,(anonymous_1329)
FN:7,(anonymous_1330)
FN:7,(anonymous_1331)
FN:7,(anonymous_1332)
FN:7,(anonymous_1333)
FN:7,(anonymous_1334)
FN:7,(anonymous_1335)
FN:7,(anonymous_1336)
FN:7,(anonymous_1337)
FN:7,(anonymous_1338)
FN:7,(anonymous_1339)
FN:7,r
FN:7,a
FN:7,(anonymous_1342)
FN:7,(anonymous_1343)
FN:7,(anonymous_1344)
FN:7,(anonymous_1345)
FN:7,t
FN:7,(anonymous_1347)
FN:7,(anonymous_1348)
FN:7,(anonymous_1349)
FN:7,(anonymous_1350)
FN:7,(anonymous_1351)
FN:7,(anonymous_1352)
FN:7,(anonymous_1353)
FN:7,(anonymous_1354)
FN:7,(anonymous_1355)
FN:7,(anonymous_1356)
FN:7,(anonymous_1357)
FN:7,(anonymous_1358)
FN:7,(anonymous_1359)
FN:7,(anonymous_1360)
FN:7,(anonymous_1361)
FN:7,(anonymous_1362)
FN:7,(anonymous_1363)
FN:7,(anonymous_1364)
FN:7,(anonymous_1365)
FN:7,(anonymous_1366)
FN:7,(anonymous_1367)
FN:7,(anonymous_1368)
FN:7,(anonymous_1369)
FN:7,(anonymous_1370)
FN:7,(anonymous_1371)
FN:7,(anonymous_1372)
FN:7,(anonymous_1373)
FN:7,(anonymous_1374)
FN:7,(anonymous_1375)
FN:7,(anonymous_1376)
FN:7,(anonymous_1377)
FN:7,(anonymous_1378)
FN:7,(anonymous_1379)
FN:7,(anonymous_1380)
FN:7,(anonymous_1381)
FN:7,(anonymous_1382)
FN:7,(anonymous_1383)
FN:7,(anonymous_1384)
FN:7,(anonymous_1385)
FN:7,(anonymous_1386)
FN:7,(anonymous_1387)
FN:7,(anonymous_1388)
FN:7,(anonymous_1389)
FN:7,(anonymous_1390)
FN:7,(anonymous_1391)
FN:7,(anonymous_1392)
FN:7,(anonymous_1393)
FN:7,(anonymous_1394)
FN:7,(anonymous_1395)
FN:7,(anonymous_1396)
FN:7,(anonymous_1397)
FN:7,(anonymous_1398)
FN:7,(anonymous_1399)
FN:7,(anonymous_1400)
FN:7,(anonymous_1401)
FN:7,(anonymous_1402)
FN:7,(anonymous_1403)
FN:7,n
FN:7,(anonymous_1405)
FN:7,(anonymous_1406)
FN:7,(anonymous_1407)
FN:7,(anonymous_1408)
FN:7,(anonymous_1409)
FN:7,(anonymous_1410)
FN:7,(anonymous_1411)
FN:7,(anonymous_1412)
FN:7,t
FN:7,(anonymous_1414)
FN:7,(anonymous_1415)
FN:7,(anonymous_1416)
FN:7,(anonymous_1417)
FN:7,(anonymous_1418)
FN:7,(anonymous_1419)
FN:7,(anonymous_1420)
FN:7,(anonymous_1421)
FN:7,(anonymous_1422)
FN:7,(anonymous_1423)
FN:7,(anonymous_1424)
FN:7,(anonymous_1425)
FN:7,(anonymous_1426)
FN:7,(anonymous_1427)
FN:7,(anonymous_1428)
FN:7,t
FN:7,n
FN:7,(anonymous_1431)
FN:7,(anonymous_1432)
FN:7,(anonymous_1433)
FN:7,(anonymous_1434)
FN:7,(anonymous_1435)
FN:7,(anonymous_1436)
FN:7,(anonymous_1437)
FN:7,(anonymous_1438)
FN:7,(anonymous_1439)
FN:7,(anonymous_1440)
FN:7,(anonymous_1441)
FN:7,(anonymous_1442)
FN:7,(anonymous_1443)
FN:7,(anonymous_1444)
FN:7,(anonymous_1445)
FN:7,(anonymous_1446)
FN:7,(anonymous_1447)
FN:7,(anonymous_1448)
FN:7,(anonymous_1449)
FN:7,(anonymous_1450)
FN:7,(anonymous_1451)
FN:7,(anonymous_1452)
FN:7,(anonymous_1453)
FN:7,(anonymous_1454)
FN:7,(anonymous_1455)
FN:7,(anonymous_1456)
FN:7,(anonymous_1457)
FN:7,(anonymous_1458)
FN:7,(anonymous_1459)
FN:7,(anonymous_1460)
FN:7,(anonymous_1461)
FN:7,(anonymous_1462)
FN:7,(anonymous_1463)
FN:7,(anonymous_1464)
FN:7,(anonymous_1465)
FN:7,(anonymous_1466)
FN:7,(anonymous_1467)
FN:7,(anonymous_1468)
FN:7,(anonymous_1469)
FN:7,(anonymous_1470)
FN:7,(anonymous_1471)
FN:7,(anonymous_1472)
FN:7,(anonymous_1473)
FN:7,(anonymous_1474)
FN:7,(anonymous_1475)
FN:7,i
FN:7,s
FN:7,o
FN:7,(anonymous_1479)
FN:7,c
FN:7,m
FN:7,(anonymous_1482)
FN:7,f
FN:7,h
FN:7,(anonymous_1485)
FN:7,(anonymous_1486)
FN:7,(anonymous_1487)
FN:7,(anonymous_1488)
FN:7,(anonymous_1489)
FN:7,(anonymous_1490)
FN:7,(anonymous_1491)
FN:7,(anonymous_1492)
FN:7,(anonymous_1493)
FN:7,(anonymous_1494)
FN:7,(anonymous_1495)
FN:7,(anonymous_1496)
FN:7,(anonymous_1497)
FN:7,(anonymous_1498)
FN:7,(anonymous_1499)
FN:7,(anonymous_1500)
FN:7,(anonymous_1501)
FN:7,(anonymous_1502)
FN:7,(anonymous_1503)
FN:7,(anonymous_1504)
FN:7,(anonymous_1505)
FN:7,(anonymous_1506)
FN:7,r
FN:7,(anonymous_1508)
FN:7,(anonymous_1509)
FN:7,(anonymous_1510)
FN:7,n
FN:7,(anonymous_1512)
FN:7,(anonymous_1513)
FN:7,(anonymous_1514)
FN:7,(anonymous_1515)
FN:7,(anonymous_1516)
FN:7,(anonymous_1517)
FN:7,(anonymous_1518)
FN:7,(anonymous_1519)
FN:7,(anonymous_1520)
FN:7,(anonymous_1521)
FN:7,(anonymous_1522)
FN:7,(anonymous_1523)
FN:7,(anonymous_1524)
FN:7,(anonymous_1525)
FN:7,(anonymous_1526)
FN:7,(anonymous_1527)
FN:7,(anonymous_1528)
FN:7,(anonymous_1529)
FN:7,(anonymous_1530)
FN:7,(anonymous_1531)
FN:7,(anonymous_1532)
FN:7,(anonymous_1533)
FN:7,(anonymous_1534)
FN:7,(anonymous_1535)
FN:7,(anonymous_1536)
FN:7,(anonymous_1537)
FN:7,(anonymous_1538)
FN:7,(anonymous_1539)
FN:7,(anonymous_1540)
FN:7,(anonymous_1541)
FN:7,(anonymous_1542)
FN:7,(anonymous_1543)
FN:7,(anonymous_1544)
FN:7,(anonymous_1545)
FN:7,(anonymous_1546)
FN:7,(anonymous_1547)
FN:7,(anonymous_1548)
FN:7,(anonymous_1549)
FN:7,(anonymous_1550)
FN:7,(anonymous_1551)
FN:7,(anonymous_1552)
FN:7,(anonymous_1553)
FN:7,(anonymous_1554)
FN:7,(anonymous_1555)
FN:7,(anonymous_1556)
FN:7,(anonymous_1557)
FN:7,(anonymous_1558)
FN:7,(anonymous_1559)
FN:7,(anonymous_1560)
FN:7,(anonymous_1561)
FN:7,(anonymous_1562)
FN:7,(anonymous_1563)
FN:7,(anonymous_1564)
FN:7,(anonymous_1565)
FN:7,(anonymous_1566)
FN:7,(anonymous_1567)
FN:7,(anonymous_1568)
FN:7,(anonymous_1569)
FN:7,(anonymous_1570)
FN:7,(anonymous_1571)
FN:7,(anonymous_1572)
FN:7,(anonymous_1573)
FN:7,(anonymous_1574)
FN:7,(anonymous_1575)
FN:7,(anonymous_1576)
FN:7,(anonymous_1577)
FN:7,(anonymous_1578)
FN:7,(anonymous_1579)
FN:7,(anonymous_1580)
FN:7,(anonymous_1581)
FN:7,(anonymous_1582)
FN:7,(anonymous_1583)
FN:7,(anonymous_1584)
FN:7,(anonymous_1585)
FN:7,(anonymous_1586)
FN:7,(anonymous_1587)
FN:7,(anonymous_1588)
FN:7,(anonymous_1589)
FN:7,(anonymous_1590)
FN:7,(anonymous_1591)
FN:7,(anonymous_1592)
FN:7,(anonymous_1593)
FN:7,(anonymous_1594)
FN:7,(anonymous_1595)
FN:7,(anonymous_1596)
FN:7,(anonymous_1597)
FN:7,(anonymous_1598)
FN:7,(anonymous_1599)
FN:7,(anonymous_1600)
FN:7,(anonymous_1601)
FN:7,(anonymous_1602)
FN:7,(anonymous_1603)
FN:7,(anonymous_1604)
FN:7,(anonymous_1605)
FN:7,(anonymous_1606)
FN:7,(anonymous_1607)
FN:7,(anonymous_1608)
FN:7,(anonymous_1609)
FN:7,(anonymous_1610)
FN:7,(anonymous_1611)
FN:7,(anonymous_1612)
FN:7,(anonymous_1613)
FN:7,(anonymous_1614)
FN:7,(anonymous_1615)
FN:7,(anonymous_1616)
FN:7,(anonymous_1617)
FN:7,(anonymous_1618)
FN:7,(anonymous_1619)
FN:7,(anonymous_1620)
FN:7,(anonymous_1621)
FN:7,(anonymous_1622)
FN:7,(anonymous_1623)
FN:7,(anonymous_1624)
FN:7,(anonymous_1625)
FN:7,(anonymous_1626)
FN:7,(anonymous_1627)
FN:7,(anonymous_1628)
FN:7,(anonymous_1629)
FN:7,(anonymous_1630)
FN:7,(anonymous_1631)
FN:7,(anonymous_1632)
FN:7,(anonymous_1633)
FN:7,(anonymous_1634)
FN:7,(anonymous_1635)
FN:7,(anonymous_1636)
FN:7,(anonymous_1637)
FN:7,(anonymous_1638)
FN:7,(anonymous_1639)
FN:7,(anonymous_1640)
FN:7,(anonymous_1641)
FN:7,(anonymous_1642)
FN:7,(anonymous_1643)
FN:7,(anonymous_1644)
FN:7,(anonymous_1645)
FN:7,(anonymous_1646)
FN:7,(anonymous_1647)
FN:7,(anonymous_1648)
FN:7,(anonymous_1649)
FN:7,(anonymous_1650)
FN:7,(anonymous_1651)
FN:7,(anonymous_1652)
FN:7,(anonymous_1653)
FN:7,(anonymous_1654)
FN:7,(anonymous_1655)
FN:7,(anonymous_1656)
FN:7,(anonymous_1657)
FN:7,(anonymous_1658)
FN:7,(anonymous_1659)
FN:7,(anonymous_1660)
FN:7,(anonymous_1661)
FN:7,(anonymous_1662)
FN:7,(anonymous_1663)
FN:7,(anonymous_1664)
FN:7,(anonymous_1665)
FN:7,(anonymous_1666)
FN:7,(anonymous_1667)
FN:7,(anonymous_1668)
FN:7,(anonymous_1669)
FN:7,(anonymous_1670)
FN:7,(anonymous_1671)
FN:7,(anonymous_1672)
FN:7,(anonymous_1673)
FN:7,(anonymous_1674)
FN:7,(anonymous_1675)
FN:7,(anonymous_1676)
FN:7,(anonymous_1677)
FN:7,(anonymous_1678)
FN:7,(anonymous_1679)
FN:7,(anonymous_1680)
FN:7,(anonymous_1681)
FN:7,(anonymous_1682)
FN:7,(anonymous_1683)
FN:7,(anonymous_1684)
FN:7,(anonymous_1685)
FN:7,(anonymous_1686)
FN:7,(anonymous_1687)
FN:7,(anonymous_1688)
FN:7,(anonymous_1689)
FN:7,(anonymous_1690)
FN:7,(anonymous_1691)
FN:7,(anonymous_1692)
FN:7,(anonymous_1693)
FN:7,(anonymous_1694)
FN:7,(anonymous_1695)
FN:7,(anonymous_1696)
FN:7,(anonymous_1697)
FN:7,(anonymous_1698)
FN:7,(anonymous_1699)
FN:7,(anonymous_1700)
FN:7,(anonymous_1701)
FN:7,(anonymous_1702)
FN:7,(anonymous_1703)
FN:7,(anonymous_1704)
FN:7,(anonymous_1705)
FN:7,(anonymous_1706)
FN:7,(anonymous_1707)
FN:7,(anonymous_1708)
FN:7,(anonymous_1709)
FN:7,(anonymous_1710)
FN:7,(anonymous_1711)
FN:7,(anonymous_1712)
FN:7,(anonymous_1713)
FN:7,(anonymous_1714)
FN:7,(anonymous_1715)
FN:7,(anonymous_1716)
FN:7,(anonymous_1717)
FN:7,(anonymous_1718)
FN:7,(anonymous_1719)
FN:7,(anonymous_1720)
FN:7,(anonymous_1721)
FN:7,(anonymous_1722)
FN:7,(anonymous_1723)
FN:7,(anonymous_1724)
FN:7,(anonymous_1725)
FN:7,(anonymous_1726)
FN:7,(anonymous_1727)
FN:7,(anonymous_1728)
FN:7,(anonymous_1729)
FN:7,(anonymous_1730)
FN:7,(anonymous_1731)
FN:7,(anonymous_1732)
FN:7,(anonymous_1733)
FN:7,(anonymous_1734)
FN:7,(anonymous_1735)
FN:7,(anonymous_1736)
FN:7,(anonymous_1737)
FN:7,(anonymous_1738)
FN:7,(anonymous_1739)
FN:7,(anonymous_1740)
FN:7,(anonymous_1741)
FN:7,(anonymous_1742)
FN:7,p
FN:7,(anonymous_1744)
FN:7,(anonymous_1745)
FN:7,(anonymous_1746)
FN:7,(anonymous_1747)
FN:7,(anonymous_1748)
FN:7,(anonymous_1749)
FN:7,(anonymous_1750)
FN:7,(anonymous_1751)
FN:7,(anonymous_1752)
FN:7,(anonymous_1753)
FN:7,(anonymous_1754)
FN:7,(anonymous_1755)
FN:7,(anonymous_1756)
FN:7,(anonymous_1757)
FN:7,(anonymous_1758)
FN:7,(anonymous_1759)
FN:7,(anonymous_1760)
FN:7,(anonymous_1761)
FN:7,(anonymous_1762)
FN:7,(anonymous_1763)
FN:7,(anonymous_1764)
FN:7,(anonymous_1765)
FN:7,(anonymous_1766)
FN:7,(anonymous_1767)
FN:7,(anonymous_1768)
FN:7,(anonymous_1769)
FN:7,(anonymous_1770)
FN:7,(anonymous_1771)
FN:7,(anonymous_1772)
FN:7,(anonymous_1773)
FN:7,(anonymous_1774)
FN:7,(anonymous_1775)
FN:7,(anonymous_1776)
FN:7,d
FN:7,l
FN:7,(anonymous_1779)
FN:7,(anonymous_1780)
FN:7,(anonymous_1781)
FN:7,(anonymous_1782)
FN:7,(anonymous_1783)
FN:7,(anonymous_1784)
FN:7,(anonymous_1785)
FN:7,(anonymous_1786)
FN:7,(anonymous_1787)
FN:7,(anonymous_1788)
FN:7,(anonymous_1789)
FN:7,(anonymous_1790)
FN:7,(anonymous_1791)
FN:7,(anonymous_1792)
FN:7,(anonymous_1793)
FN:7,(anonymous_1794)
FN:7,(anonymous_1795)
FN:7,(anonymous_1796)
FN:7,(anonymous_1797)
FN:7,(anonymous_1798)
FN:7,(anonymous_1799)
FN:7,(anonymous_1800)
FN:7,(anonymous_1801)
FN:7,(anonymous_1802)
FN:7,(anonymous_1803)
FN:7,(anonymous_1804)
FN:7,(anonymous_1805)
FN:7,(anonymous_1806)
FN:7,(anonymous_1807)
FN:7,(anonymous_1808)
FN:7,(anonymous_1809)
FN:7,(anonymous_1810)
FN:7,(anonymous_1811)
FN:7,(anonymous_1812)
FN:7,(anonymous_1813)
FN:7,(anonymous_1814)
FN:7,(anonymous_1815)
FN:7,(anonymous_1816)
FN:7,(anonymous_1817)
FN:7,(anonymous_1818)
FN:7,(anonymous_1819)
FN:7,(anonymous_1820)
FN:7,(anonymous_1821)
FN:7,(anonymous_1822)
FN:7,c
FN:7,(anonymous_1824)
FN:7,(anonymous_1825)
FN:7,(anonymous_1826)
FN:7,y
FN:7,(anonymous_1828)
FN:7,(anonymous_1829)
FN:7,(anonymous_1830)
FN:7,L
FN:7,(anonymous_1832)
FN:7,b
FN:7,(anonymous_1834)
FN:7,(anonymous_1835)
FN:7,(anonymous_1836)
FN:7,(anonymous_1837)
FN:7,(anonymous_1838)
FN:7,(anonymous_1839)
FN:7,(anonymous_1840)
FN:7,(anonymous_1841)
FN:7,(anonymous_1842)
FN:7,(anonymous_1843)
FN:7,(anonymous_1844)
FN:7,(anonymous_1845)
FN:7,(anonymous_1846)
FN:7,(anonymous_1847)
FN:7,(anonymous_1848)
FN:7,(anonymous_1849)
FN:7,(anonymous_1850)
FN:7,(anonymous_1851)
FN:7,(anonymous_1852)
FN:7,(anonymous_1853)
FN:7,(anonymous_1854)
FN:7,(anonymous_1855)
FN:7,(anonymous_1856)
FN:7,(anonymous_1857)
FN:7,(anonymous_1858)
FN:7,(anonymous_1859)
FN:7,(anonymous_1860)
FN:7,(anonymous_1861)
FN:7,(anonymous_1862)
FN:7,(anonymous_1863)
FN:7,(anonymous_1864)
FN:7,(anonymous_1865)
FN:7,(anonymous_1866)
FN:7,(anonymous_1867)
FN:7,(anonymous_1868)
FN:7,(anonymous_1869)
FN:7,(anonymous_1870)
FN:7,(anonymous_1871)
FN:7,(anonymous_1872)
FN:7,(anonymous_1873)
FN:7,(anonymous_1874)
FN:7,(anonymous_1875)
FN:7,(anonymous_1876)
FN:7,(anonymous_1877)
FN:7,(anonymous_1878)
FN:7,(anonymous_1879)
FN:7,(anonymous_1880)
FN:7,(anonymous_1881)
FN:7,(anonymous_1882)
FN:7,(anonymous_1883)
FN:7,(anonymous_1884)
FN:7,(anonymous_1885)
FN:7,(anonymous_1886)
FN:7,(anonymous_1887)
FN:7,(anonymous_1888)
FN:7,(anonymous_1889)
FN:7,(anonymous_1890)
FN:7,(anonymous_1891)
FN:7,(anonymous_1892)
FN:7,(anonymous_1893)
FN:7,(anonymous_1894)
FN:7,(anonymous_1895)
FN:7,(anonymous_1896)
FN:7,(anonymous_1897)
FN:7,a
FN:7,i
FN:7,(anonymous_1900)
FN:7,(anonymous_1901)
FN:7,(anonymous_1902)
FN:7,(anonymous_1903)
FN:20,(anonymous_1904)
FN:20,(anonymous_1905)
FN:20,(anonymous_1906)
FN:20,(anonymous_1907)
FN:20,(anonymous_1908)
FN:20,(anonymous_1909)
FN:20,(anonymous_1910)
FN:20,(anonymous_1911)
FN:20,(anonymous_1912)
FN:20,(anonymous_1913)
FN:20,(anonymous_1914)
FN:20,(anonymous_1915)
FN:20,(anonymous_1916)
FN:20,t
FN:20,(anonymous_1918)
FN:20,(anonymous_1919)
FN:20,(anonymous_1920)
FN:20,(anonymous_1921)
FN:20,(anonymous_1922)
FN:20,(anonymous_1923)
FN:20,(anonymous_1924)
FN:20,ye
FN:20,(anonymous_1926)
FN:20,(anonymous_1927)
FN:20,ge
FN:20,Me
FN:20,ve
FN:20,Le
FN:20,be
FN:20,Ye
FN:20,ke
FN:20,we
FN:20,De
FN:20,Te
FN:20,xe
FN:20,Se
FN:20,He
FN:20,je
FN:20,Oe
FN:20,Ce
FN:20,Pe
FN:20,Ae
FN:20,Ee
FN:20,(anonymous_1947)
FN:20,(anonymous_1948)
FN:20,We
FN:20,Fe
FN:20,Ie
FN:20,ze
FN:20,Ne
FN:20,Re
FN:20,$e
FN:20,(anonymous_1956)
FN:20,(anonymous_1957)
FN:20,(anonymous_1958)
FN:20,(anonymous_1959)
FN:20,(anonymous_1960)
FN:20,(anonymous_1961)
FN:20,(anonymous_1962)
FN:20,(anonymous_1963)
FN:20,(anonymous_1964)
FN:20,(anonymous_1965)
FN:20,(anonymous_1966)
FN:20,(anonymous_1967)
FN:20,(anonymous_1968)
FN:20,(anonymous_1969)
FN:20,(anonymous_1970)
FN:20,(anonymous_1971)
FN:20,(anonymous_1972)
FN:20,(anonymous_1973)
FN:20,(anonymous_1974)
FN:20,(anonymous_1975)
FN:20,(anonymous_1976)
FN:20,(anonymous_1977)
FN:20,(anonymous_1978)
FN:20,(anonymous_1979)
FN:20,(anonymous_1980)
FN:20,(anonymous_1981)
FN:20,G
FN:20,J
FN:20,(anonymous_1984)
FN:20,(anonymous_1985)
FN:20,(anonymous_1986)
FN:20,(anonymous_1987)
FN:20,(anonymous_1988)
FN:20,(anonymous_1989)
FN:20,(anonymous_1990)
FN:20,(anonymous_1991)
FN:20,(anonymous_1992)
FN:20,(anonymous_1993)
FN:20,(anonymous_1994)
FN:20,(anonymous_1995)
FN:20,(anonymous_1996)
FN:20,(anonymous_1997)
FN:20,(anonymous_1998)
FN:20,(anonymous_1999)
FN:20,(anonymous_2000)
FN:20,(anonymous_2001)
FN:20,(anonymous_2002)
FN:20,(anonymous_2003)
FN:20,(anonymous_2004)
FN:20,(anonymous_2005)
FN:20,(anonymous_2006)
FN:20,(anonymous_2007)
FN:20,(anonymous_2008)
FN:20,o
FN:20,(anonymous_2010)
FN:20,(anonymous_2011)
FN:20,(anonymous_2012)
FN:20,n
FN:27,(anonymous_2014)
FN:27,(anonymous_2015)
FN:27,(anonymous_2016)
FN:27,o
FN:27,(anonymous_2018)
FN:27,(anonymous_2019)
FN:27,(anonymous_2020)
FN:27,(anonymous_2021)
FN:27,(anonymous_2022)
FN:27,(anonymous_2023)
FN:27,(anonymous_2024)
FN:27,(anonymous_2025)
FN:27,(anonymous_2026)
FN:27,(anonymous_2027)
FN:27,(anonymous_2028)
FN:27,(anonymous_2029)
FN:27,(anonymous_2030)
FN:27,(anonymous_2031)
FN:27,(anonymous_2032)
FN:27,a
FN:27,(anonymous_2034)
FN:27,(anonymous_2035)
FN:27,(anonymous_2036)
FN:27,(anonymous_2037)
FN:27,(anonymous_2038)
FN:27,(anonymous_2039)
FN:27,(anonymous_2040)
FN:27,(anonymous_2041)
FN:27,a
FN:27,(anonymous_2043)
FN:27,(anonymous_2044)
FN:27,(anonymous_2045)
FN:27,a
FN:27,(anonymous_2047)
FN:27,(anonymous_2048)
FN:27,(anonymous_2049)
FN:27,(anonymous_2050)
FN:27,(anonymous_2051)
FN:27,(anonymous_2052)
FN:27,(anonymous_2053)
FN:27,(anonymous_2054)
FN:27,(anonymous_2055)
FN:27,a
FN:27,(anonymous_2057)
FN:27,(anonymous_2058)
FN:27,(anonymous_2059)
FN:27,(anonymous_2060)
FN:27,(anonymous_2061)
FN:27,l
FN:27,(anonymous_2063)
FN:27,(anonymous_2064)
FN:27,(anonymous_2065)
FN:27,(anonymous_2066)
FN:27,(anonymous_2067)
FN:27,(anonymous_2068)
FN:27,(anonymous_2069)
FN:27,(anonymous_2070)
FN:27,(anonymous_2071)
FN:27,(anonymous_2072)
FN:27,(anonymous_2073)
FN:27,(anonymous_2074)
FN:27,a
FN:27,(anonymous_2076)
FN:27,(anonymous_2077)
FN:27,(anonymous_2078)
FN:27,(anonymous_2079)
FN:27,(anonymous_2080)
FN:27,(anonymous_2081)
FN:27,(anonymous_2082)
FN:27,(anonymous_2083)
FN:27,(anonymous_2084)
FN:27,(anonymous_2085)
FN:27,(anonymous_2086)
FN:27,(anonymous_2087)
FN:27,i
FN:27,(anonymous_2089)
FN:27,(anonymous_2090)
FN:27,(anonymous_2091)
FN:27,(anonymous_2092)
FN:27,(anonymous_2093)
FN:27,(anonymous_2094)
FN:27,(anonymous_2095)
FN:27,(anonymous_2096)
FN:27,(anonymous_2097)
FN:27,(anonymous_2098)
FN:27,(anonymous_2099)
FN:27,(anonymous_2100)
FN:27,(anonymous_2101)
FN:27,(anonymous_2102)
FN:27,(anonymous_2103)
FN:27,(anonymous_2104)
FN:27,(anonymous_2105)
FN:27,(anonymous_2106)
FN:27,(anonymous_2107)
FN:27,(anonymous_2108)
FN:27,(anonymous_2109)
FN:27,(anonymous_2110)
FN:27,(anonymous_2111)
FN:27,(anonymous_2112)
FN:27,m
FN:27,f
FN:27,(anonymous_2115)
FN:27,(anonymous_2116)
FN:27,(anonymous_2117)
FN:27,(anonymous_2118)
FN:27,(anonymous_2119)
FN:27,(anonymous_2120)
FN:27,(anonymous_2121)
FN:27,(anonymous_2122)
FN:27,(anonymous_2123)
FN:27,(anonymous_2124)
FN:27,(anonymous_2125)
FN:27,(anonymous_2126)
FN:27,(anonymous_2127)
FN:27,(anonymous_2128)
FN:27,(anonymous_2129)
FN:27,(anonymous_2130)
FN:27,(anonymous_2131)
FN:27,o
FN:27,(anonymous_2133)
FN:27,(anonymous_2134)
FN:27,(anonymous_2135)
FN:27,(anonymous_2136)
FN:27,m
FN:27,(anonymous_2138)
FN:27,(anonymous_2139)
FN:27,f
FN:27,h
FN:27,(anonymous_2142)
FN:27,(anonymous_2143)
FN:27,(anonymous_2144)
FN:27,(anonymous_2145)
FN:27,(anonymous_2146)
FN:27,(anonymous_2147)
FN:27,(anonymous_2148)
FN:27,(anonymous_2149)
FN:27,(anonymous_2150)
FN:27,(anonymous_2151)
FN:27,(anonymous_2152)
FN:27,(anonymous_2153)
FN:27,(anonymous_2154)
FN:27,(anonymous_2155)
FN:27,(anonymous_2156)
FN:27,(anonymous_2157)
FN:27,(anonymous_2158)
FN:27,(anonymous_2159)
FN:27,(anonymous_2160)
FN:27,(anonymous_2161)
FN:27,(anonymous_2162)
FN:27,(anonymous_2163)
FN:27,(anonymous_2164)
FN:27,(anonymous_2165)
FN:27,(anonymous_2166)
FN:27,(anonymous_2167)
FN:27,(anonymous_2168)
FN:27,(anonymous_2169)
FN:27,(anonymous_2170)
FN:27,(anonymous_2171)
FN:27,(anonymous_2172)
FN:27,(anonymous_2173)
FN:27,(anonymous_2174)
FN:27,(anonymous_2175)
FN:27,(anonymous_2176)
FN:27,(anonymous_2177)
FN:27,(anonymous_2178)
FN:27,(anonymous_2179)
FN:27,(anonymous_2180)
FN:27,(anonymous_2181)
FN:27,(anonymous_2182)
FN:27,(anonymous_2183)
FN:27,(anonymous_2184)
FN:27,(anonymous_2185)
FN:27,(anonymous_2186)
FN:27,(anonymous_2187)
FN:27,(anonymous_2188)
FN:27,(anonymous_2189)
FN:27,(anonymous_2190)
FN:27,(anonymous_2191)
FN:27,(anonymous_2192)
FN:27,(anonymous_2193)
FN:27,(anonymous_2194)
FN:27,(anonymous_2195)
FN:27,(anonymous_2196)
FN:27,(anonymous_2197)
FN:27,(anonymous_2198)
FN:27,(anonymous_2199)
FN:27,(anonymous_2200)
FN:27,(anonymous_2201)
FN:27,(anonymous_2202)
FN:27,(anonymous_2203)
FN:27,(anonymous_2204)
FN:27,(anonymous_2205)
FN:27,(anonymous_2206)
FN:27,(anonymous_2207)
FN:27,(anonymous_2208)
FN:27,(anonymous_2209)
FN:27,(anonymous_2210)
FN:27,(anonymous_2211)
FN:27,(anonymous_2212)
FN:27,(anonymous_2213)
FN:27,(anonymous_2214)
FN:27,(anonymous_2215)
FN:27,(anonymous_2216)
FN:27,(anonymous_2217)
FN:27,(anonymous_2218)
FN:27,(anonymous_2219)
FN:27,(anonymous_2220)
FN:27,(anonymous_2221)
FN:27,(anonymous_2222)
FN:27,(anonymous_2223)
FN:27,(anonymous_2224)
FN:27,(anonymous_2225)
FN:27,(anonymous_2226)
FN:27,(anonymous_2227)
FN:27,(anonymous_2228)
FN:27,(anonymous_2229)
FN:27,(anonymous_2230)
FN:27,(anonymous_2231)
FN:27,(anonymous_2232)
FN:27,(anonymous_2233)
FNF:2234
FNH:0
FNDA:0,(anonymous_0)
FNDA:0,n
FNDA:0,(anonymous_2)
FNDA:0,(anonymous_3)
FNDA:0,(anonymous_4)
FNDA:0,(anonymous_5)
FNDA:0,(anonymous_6)
FNDA:0,(anonymous_7)
FNDA:0,(anonymous_8)
FNDA:0,(anonymous_9)
FNDA:0,(anonymous_10)
FNDA:0,(anonymous_11)
FNDA:0,(anonymous_12)
FNDA:0,a
FNDA:0,i
FNDA:0,s
FNDA:0,o
FNDA:0,d
FNDA:0,l
FNDA:0,u
FNDA:0,_
FNDA:0,c
FNDA:0,m
FNDA:0,f
FNDA:0,h
FNDA:0,(anonymous_25)
FNDA:0,p
FNDA:0,(anonymous_27)
FNDA:0,g
FNDA:0,v
FNDA:0,L
FNDA:0,b
FNDA:0,Y
FNDA:0,k
FNDA:0,w
FNDA:0,D
FNDA:0,(anonymous_36)
FNDA:0,S
FNDA:0,H
FNDA:0,j
FNDA:0,O
FNDA:0,(anonymous_41)
FNDA:0,P
FNDA:0,A
FNDA:0,E
FNDA:0,F
FNDA:0,I
FNDA:0,G
FNDA:0,(anonymous_48)
FNDA:0,(anonymous_49)
FNDA:0,(anonymous_50)
FNDA:0,J
FNDA:0,(anonymous_52)
FNDA:0,(anonymous_53)
FNDA:0,U
FNDA:0,r
FNDA:0,ue
FNDA:0,(anonymous_57)
FNDA:0,_e
FNDA:0,(anonymous_59)
FNDA:0,ce
FNDA:0,fe
FNDA:0,(anonymous_62)
FNDA:0,he
FNDA:0,(anonymous_64)
FNDA:0,pe
FNDA:0,De
FNDA:0,Te
FNDA:0,(anonymous_68)
FNDA:0,(anonymous_69)
FNDA:0,(anonymous_70)
FNDA:0,(anonymous_71)
FNDA:0,(anonymous_72)
FNDA:0,(anonymous_73)
FNDA:0,He
FNDA:0,(anonymous_75)
FNDA:0,je
FNDA:0,Oe
FNDA:0,Ce
FNDA:0,(anonymous_79)
FNDA:0,(anonymous_80)
FNDA:0,(anonymous_81)
FNDA:0,(anonymous_82)
FNDA:0,(anonymous_83)
FNDA:0,(anonymous_84)
FNDA:0,(anonymous_85)
FNDA:0,(anonymous_86)
FNDA:0,We
FNDA:0,Fe
FNDA:0,Ne
FNDA:0,e
FNDA:0,Re
FNDA:0,$e
FNDA:0,Ge
FNDA:0,Je
FNDA:0,Ue
FNDA:0,Be
FNDA:0,(anonymous_97)
FNDA:0,(anonymous_98)
FNDA:0,(anonymous_99)
FNDA:0,(anonymous_100)
FNDA:0,(anonymous_101)
FNDA:0,(anonymous_102)
FNDA:0,(anonymous_103)
FNDA:0,(anonymous_104)
FNDA:0,(anonymous_105)
FNDA:0,et
FNDA:0,e
FNDA:0,tt
FNDA:0,nt
FNDA:0,(anonymous_110)
FNDA:0,rt
FNDA:0,(anonymous_112)
FNDA:0,(anonymous_113)
FNDA:0,(anonymous_114)
FNDA:0,(anonymous_115)
FNDA:0,(anonymous_116)
FNDA:0,(anonymous_117)
FNDA:0,(anonymous_118)
FNDA:0,(anonymous_119)
FNDA:0,(anonymous_120)
FNDA:0,(anonymous_121)
FNDA:0,(anonymous_122)
FNDA:0,(anonymous_123)
FNDA:0,lt
FNDA:0,ut
FNDA:0,_t
FNDA:0,ct
FNDA:0,(anonymous_128)
FNDA:0,mt
FNDA:0,(anonymous_130)
FNDA:0,ft
FNDA:0,ht
FNDA:0,pt
FNDA:0,(anonymous_134)
FNDA:0,(anonymous_135)
FNDA:0,(anonymous_136)
FNDA:0,Yt
FNDA:0,wt
FNDA:0,Tt
FNDA:0,(anonymous_140)
FNDA:0,(anonymous_141)
FNDA:0,xt
FNDA:0,St
FNDA:0,(anonymous_144)
FNDA:0,(anonymous_145)
FNDA:0,(anonymous_146)
FNDA:0,(anonymous_147)
FNDA:0,(anonymous_148)
FNDA:0,(anonymous_149)
FNDA:0,Ht
FNDA:0,(anonymous_151)
FNDA:0,jt
FNDA:0,(anonymous_153)
FNDA:0,(anonymous_154)
FNDA:0,(anonymous_155)
FNDA:0,(anonymous_156)
FNDA:0,(anonymous_157)
FNDA:0,Pt
FNDA:0,Et
FNDA:0,(anonymous_160)
FNDA:0,Wt
FNDA:0,Ft
FNDA:0,It
FNDA:0,(anonymous_164)
FNDA:0,(anonymous_165)
FNDA:0,Nt
FNDA:0,Rt
FNDA:0,$t
FNDA:0,Gt
FNDA:0,(anonymous_170)
FNDA:0,Bt
FNDA:0,Vt
FNDA:0,qt
FNDA:0,Kt
FNDA:0,(anonymous_175)
FNDA:0,Xt
FNDA:0,(anonymous_177)
FNDA:0,en
FNDA:0,tn
FNDA:0,(anonymous_180)
FNDA:0,rn
FNDA:0,ln
FNDA:0,un
FNDA:0,_n
FNDA:0,cn
FNDA:0,mn
FNDA:0,(anonymous_187)
FNDA:0,(anonymous_188)
FNDA:0,(anonymous_189)
FNDA:0,(anonymous_190)
FNDA:0,(anonymous_191)
FNDA:0,(anonymous_192)
FNDA:0,(anonymous_193)
FNDA:0,(anonymous_194)
FNDA:0,(anonymous_195)
FNDA:0,(anonymous_196)
FNDA:0,(anonymous_197)
FNDA:0,(anonymous_198)
FNDA:0,(anonymous_199)
FNDA:0,(anonymous_200)
FNDA:0,(anonymous_201)
FNDA:0,(anonymous_202)
FNDA:0,(anonymous_203)
FNDA:0,gn
FNDA:0,Ln
FNDA:0,(anonymous_206)
FNDA:0,(anonymous_207)
FNDA:0,(anonymous_208)
FNDA:0,(anonymous_209)
FNDA:0,(anonymous_210)
FNDA:0,(anonymous_211)
FNDA:0,(anonymous_212)
FNDA:0,(anonymous_213)
FNDA:0,(anonymous_214)
FNDA:0,(anonymous_215)
FNDA:0,(anonymous_216)
FNDA:0,(anonymous_217)
FNDA:0,(anonymous_218)
FNDA:0,(anonymous_219)
FNDA:0,(anonymous_220)
FNDA:0,(anonymous_221)
FNDA:0,(anonymous_222)
FNDA:0,(anonymous_223)
FNDA:0,(anonymous_224)
FNDA:0,(anonymous_225)
FNDA:0,(anonymous_226)
FNDA:0,(anonymous_227)
FNDA:0,(anonymous_228)
FNDA:0,(anonymous_229)
FNDA:0,(anonymous_230)
FNDA:0,(anonymous_231)
FNDA:0,(anonymous_232)
FNDA:0,(anonymous_233)
FNDA:0,(anonymous_234)
FNDA:0,(anonymous_235)
FNDA:0,(anonymous_236)
FNDA:0,(anonymous_237)
FNDA:0,(anonymous_238)
FNDA:0,(anonymous_239)
FNDA:0,(anonymous_240)
FNDA:0,(anonymous_241)
FNDA:0,(anonymous_242)
FNDA:0,(anonymous_243)
FNDA:0,(anonymous_244)
FNDA:0,(anonymous_245)
FNDA:0,(anonymous_246)
FNDA:0,(anonymous_247)
FNDA:0,(anonymous_248)
FNDA:0,(anonymous_249)
FNDA:0,(anonymous_250)
FNDA:0,(anonymous_251)
FNDA:0,(anonymous_252)
FNDA:0,(anonymous_253)
FNDA:0,(anonymous_254)
FNDA:0,(anonymous_255)
FNDA:0,(anonymous_256)
FNDA:0,(anonymous_257)
FNDA:0,(anonymous_258)
FNDA:0,(anonymous_259)
FNDA:0,(anonymous_260)
FNDA:0,(anonymous_261)
FNDA:0,(anonymous_262)
FNDA:0,(anonymous_263)
FNDA:0,(anonymous_264)
FNDA:0,(anonymous_265)
FNDA:0,Yn
FNDA:0,kn
FNDA:0,wn
FNDA:0,(anonymous_269)
FNDA:0,(anonymous_270)
FNDA:0,(anonymous_271)
FNDA:0,(anonymous_272)
FNDA:0,(anonymous_273)
FNDA:0,(anonymous_274)
FNDA:0,(anonymous_275)
FNDA:0,(anonymous_276)
FNDA:0,(anonymous_277)
FNDA:0,(anonymous_278)
FNDA:0,(anonymous_279)
FNDA:0,(anonymous_280)
FNDA:0,(anonymous_281)
FNDA:0,(anonymous_282)
FNDA:0,(anonymous_283)
FNDA:0,(anonymous_284)
FNDA:0,(anonymous_285)
FNDA:0,(anonymous_286)
FNDA:0,(anonymous_287)
FNDA:0,(anonymous_288)
FNDA:0,(anonymous_289)
FNDA:0,(anonymous_290)
FNDA:0,(anonymous_291)
FNDA:0,(anonymous_292)
FNDA:0,(anonymous_293)
FNDA:0,(anonymous_294)
FNDA:0,(anonymous_295)
FNDA:0,(anonymous_296)
FNDA:0,Tn
FNDA:0,xn
FNDA:0,Sn
FNDA:0,Hn
FNDA:0,jn
FNDA:0,(anonymous_302)
FNDA:0,Nn
FNDA:0,(anonymous_304)
FNDA:0,Zn
FNDA:0,Qn
FNDA:0,(anonymous_307)
FNDA:0,(anonymous_308)
FNDA:0,(anonymous_309)
FNDA:0,(anonymous_310)
FNDA:0,(anonymous_311)
FNDA:0,(anonymous_312)
FNDA:0,(anonymous_313)
FNDA:0,(anonymous_314)
FNDA:0,(anonymous_315)
FNDA:0,(anonymous_316)
FNDA:0,(anonymous_317)
FNDA:0,(anonymous_318)
FNDA:0,(anonymous_319)
FNDA:0,(anonymous_320)
FNDA:0,(anonymous_321)
FNDA:0,(anonymous_322)
FNDA:0,(anonymous_323)
FNDA:0,(anonymous_324)
FNDA:0,(anonymous_325)
FNDA:0,(anonymous_326)
FNDA:0,(anonymous_327)
FNDA:0,(anonymous_328)
FNDA:0,(anonymous_329)
FNDA:0,(anonymous_330)
FNDA:0,(anonymous_331)
FNDA:0,(anonymous_332)
FNDA:0,(anonymous_333)
FNDA:0,(anonymous_334)
FNDA:0,(anonymous_335)
FNDA:0,(anonymous_336)
FNDA:0,(anonymous_337)
FNDA:0,s
FNDA:0,o
FNDA:0,d
FNDA:0,l
FNDA:0,(anonymous_342)
FNDA:0,(anonymous_343)
FNDA:0,(anonymous_344)
FNDA:0,(anonymous_345)
FNDA:0,(anonymous_346)
FNDA:0,(anonymous_347)
FNDA:0,(anonymous_348)
FNDA:0,(anonymous_349)
FNDA:0,(anonymous_350)
FNDA:0,(anonymous_351)
FNDA:0,(anonymous_352)
FNDA:0,(anonymous_353)
FNDA:0,e
FNDA:0,n
FNDA:0,(anonymous_356)
FNDA:0,(anonymous_357)
FNDA:0,(anonymous_358)
FNDA:0,(anonymous_359)
FNDA:0,(anonymous_360)
FNDA:0,(anonymous_361)
FNDA:0,(anonymous_362)
FNDA:0,a
FNDA:0,i
FNDA:0,s
FNDA:0,o
FNDA:0,d
FNDA:0,u
FNDA:0,_
FNDA:0,c
FNDA:0,m
FNDA:0,f
FNDA:0,h
FNDA:0,p
FNDA:0,(anonymous_375)
FNDA:0,(anonymous_376)
FNDA:0,g
FNDA:0,v
FNDA:0,L
FNDA:0,(anonymous_380)
FNDA:0,(anonymous_381)
FNDA:0,(anonymous_382)
FNDA:0,(anonymous_383)
FNDA:0,(anonymous_384)
FNDA:0,(anonymous_385)
FNDA:0,(anonymous_386)
FNDA:0,n
FNDA:0,x
FNDA:0,S
FNDA:0,H
FNDA:0,j
FNDA:0,(anonymous_392)
FNDA:0,(anonymous_393)
FNDA:0,P
FNDA:0,(anonymous_395)
FNDA:0,(anonymous_396)
FNDA:0,A
FNDA:0,E
FNDA:0,(anonymous_399)
FNDA:0,R
FNDA:0,(anonymous_401)
FNDA:0,(anonymous_402)
FNDA:0,se
FNDA:0,(anonymous_404)
FNDA:0,e
FNDA:0,(anonymous_406)
FNDA:0,(anonymous_407)
FNDA:0,(anonymous_408)
FNDA:0,(anonymous_409)
FNDA:0,(anonymous_410)
FNDA:0,(anonymous_411)
FNDA:0,(anonymous_412)
FNDA:0,(anonymous_413)
FNDA:0,me
FNDA:0,fe
FNDA:0,(anonymous_416)
FNDA:0,(anonymous_417)
FNDA:0,(anonymous_418)
FNDA:0,ge
FNDA:0,Me
FNDA:0,(anonymous_421)
FNDA:0,(anonymous_422)
FNDA:0,ke
FNDA:0,(anonymous_424)
FNDA:0,(anonymous_425)
FNDA:0,De
FNDA:0,Te
FNDA:0,(anonymous_428)
FNDA:0,e
FNDA:0,(anonymous_430)
FNDA:0,xe
FNDA:0,Se
FNDA:0,(anonymous_433)
FNDA:0,(anonymous_434)
FNDA:0,je
FNDA:0,Oe
FNDA:0,(anonymous_437)
FNDA:0,(anonymous_438)
FNDA:0,Ce
FNDA:0,(anonymous_440)
FNDA:0,Pe
FNDA:0,(anonymous_442)
FNDA:0,(anonymous_443)
FNDA:0,(anonymous_444)
FNDA:0,(anonymous_445)
FNDA:0,(anonymous_446)
FNDA:0,(anonymous_447)
FNDA:0,Ee
FNDA:0,(anonymous_449)
FNDA:0,(anonymous_450)
FNDA:0,(anonymous_451)
FNDA:0,o
FNDA:0,We
FNDA:0,Fe
FNDA:0,(anonymous_455)
FNDA:0,Ie
FNDA:0,ze
FNDA:0,Ne
FNDA:0,Re
FNDA:0,$e
FNDA:0,(anonymous_461)
FNDA:0,Ge
FNDA:0,Je
FNDA:0,Ke
FNDA:0,(anonymous_465)
FNDA:0,(anonymous_466)
FNDA:0,(anonymous_467)
FNDA:0,(anonymous_468)
FNDA:0,tt
FNDA:0,(anonymous_470)
FNDA:0,(anonymous_471)
FNDA:0,rt
FNDA:0,e
FNDA:0,(anonymous_474)
FNDA:0,it
FNDA:0,n
FNDA:0,st
FNDA:0,ot
FNDA:0,d
FNDA:0,dt
FNDA:0,lt
FNDA:0,e
FNDA:0,ut
FNDA:0,_t
FNDA:0,ct
FNDA:0,mt
FNDA:0,ft
FNDA:0,ht
FNDA:0,(anonymous_489)
FNDA:0,pt
FNDA:0,(anonymous_491)
FNDA:0,yt
FNDA:0,gt
FNDA:0,Mt
FNDA:0,vt
FNDA:0,Lt
FNDA:0,bt
FNDA:0,(anonymous_498)
FNDA:0,(anonymous_499)
FNDA:0,Yt
FNDA:0,kt
FNDA:0,wt
FNDA:0,Dt
FNDA:0,Tt
FNDA:0,xt
FNDA:0,St
FNDA:0,Ht
FNDA:0,jt
FNDA:0,Ot
FNDA:0,(anonymous_510)
FNDA:0,(anonymous_511)
FNDA:0,(anonymous_512)
FNDA:0,(anonymous_513)
FNDA:0,Ct
FNDA:0,Pt
FNDA:0,(anonymous_516)
FNDA:0,(anonymous_517)
FNDA:0,(anonymous_518)
FNDA:0,(anonymous_519)
FNDA:0,(anonymous_520)
FNDA:0,(anonymous_521)
FNDA:0,e
FNDA:0,Wt
FNDA:0,(anonymous_524)
FNDA:0,(anonymous_525)
FNDA:0,(anonymous_526)
FNDA:0,(anonymous_527)
FNDA:0,(anonymous_528)
FNDA:0,(anonymous_529)
FNDA:0,(anonymous_530)
FNDA:0,(anonymous_531)
FNDA:0,(anonymous_532)
FNDA:0,(anonymous_533)
FNDA:0,(anonymous_534)
FNDA:0,(anonymous_535)
FNDA:0,Ft
FNDA:0,(anonymous_537)
FNDA:0,Nt
FNDA:0,(anonymous_539)
FNDA:0,(anonymous_540)
FNDA:0,e
FNDA:0,(anonymous_542)
FNDA:0,Gt
FNDA:0,Jt
FNDA:0,Ut
FNDA:0,Bt
FNDA:0,Vt
FNDA:0,qt
FNDA:0,r
FNDA:0,Kt
FNDA:0,Zt
FNDA:0,(anonymous_552)
FNDA:0,Qt
FNDA:0,en
FNDA:0,tn
FNDA:0,(anonymous_556)
FNDA:0,cn
FNDA:0,(anonymous_558)
FNDA:0,(anonymous_559)
FNDA:0,(anonymous_560)
FNDA:0,(anonymous_561)
FNDA:0,(anonymous_562)
FNDA:0,(anonymous_563)
FNDA:0,(anonymous_564)
FNDA:0,(anonymous_565)
FNDA:0,(anonymous_566)
FNDA:0,(anonymous_567)
FNDA:0,(anonymous_568)
FNDA:0,(anonymous_569)
FNDA:0,(anonymous_570)
FNDA:0,(anonymous_571)
FNDA:0,(anonymous_572)
FNDA:0,pn
FNDA:0,(anonymous_574)
FNDA:0,(anonymous_575)
FNDA:0,yn
FNDA:0,(anonymous_577)
FNDA:0,(anonymous_578)
FNDA:0,(anonymous_579)
FNDA:0,(anonymous_580)
FNDA:0,(anonymous_581)
FNDA:0,(anonymous_582)
FNDA:0,(anonymous_583)
FNDA:0,Mn
FNDA:0,vn
FNDA:0,(anonymous_586)
FNDA:0,Ln
FNDA:0,(anonymous_588)
FNDA:0,bn
FNDA:0,kn
FNDA:0,(anonymous_591)
FNDA:0,wn
FNDA:0,Dn
FNDA:0,(anonymous_594)
FNDA:0,(anonymous_595)
FNDA:0,(anonymous_596)
FNDA:0,(anonymous_597)
FNDA:0,(anonymous_598)
FNDA:0,Tn
FNDA:0,xn
FNDA:0,Sn
FNDA:0,Hn
FNDA:0,(anonymous_603)
FNDA:0,(anonymous_604)
FNDA:0,(anonymous_605)
FNDA:0,(anonymous_606)
FNDA:0,(anonymous_607)
FNDA:0,(anonymous_608)
FNDA:0,(anonymous_609)
FNDA:0,(anonymous_610)
FNDA:0,(anonymous_611)
FNDA:0,(anonymous_612)
FNDA:0,(anonymous_613)
FNDA:0,(anonymous_614)
FNDA:0,(anonymous_615)
FNDA:0,(anonymous_616)
FNDA:0,(anonymous_617)
FNDA:0,(anonymous_618)
FNDA:0,(anonymous_619)
FNDA:0,(anonymous_620)
FNDA:0,(anonymous_621)
FNDA:0,r
FNDA:0,(anonymous_623)
FNDA:0,(anonymous_624)
FNDA:0,(anonymous_625)
FNDA:0,(anonymous_626)
FNDA:0,(anonymous_627)
FNDA:0,(anonymous_628)
FNDA:0,(anonymous_629)
FNDA:0,(anonymous_630)
FNDA:0,(anonymous_631)
FNDA:0,(anonymous_632)
FNDA:0,(anonymous_633)
FNDA:0,(anonymous_634)
FNDA:0,(anonymous_635)
FNDA:0,(anonymous_636)
FNDA:0,(anonymous_637)
FNDA:0,(anonymous_638)
FNDA:0,(anonymous_639)
FNDA:0,(anonymous_640)
FNDA:0,(anonymous_641)
FNDA:0,(anonymous_642)
FNDA:0,(anonymous_643)
FNDA:0,(anonymous_644)
FNDA:0,(anonymous_645)
FNDA:0,(anonymous_646)
FNDA:0,(anonymous_647)
FNDA:0,(anonymous_648)
FNDA:0,(anonymous_649)
FNDA:0,(anonymous_650)
FNDA:0,(anonymous_651)
FNDA:0,(anonymous_652)
FNDA:0,(anonymous_653)
FNDA:0,(anonymous_654)
FNDA:0,(anonymous_655)
FNDA:0,$n
FNDA:0,(anonymous_657)
FNDA:0,Gn
FNDA:0,Jn
FNDA:0,Un
FNDA:0,(anonymous_661)
FNDA:0,(anonymous_662)
FNDA:0,(anonymous_663)
FNDA:0,(anonymous_664)
FNDA:0,(anonymous_665)
FNDA:0,(anonymous_666)
FNDA:0,(anonymous_667)
FNDA:0,(anonymous_668)
FNDA:0,(anonymous_669)
FNDA:0,(anonymous_670)
FNDA:0,(anonymous_671)
FNDA:0,(anonymous_672)
FNDA:0,(anonymous_673)
FNDA:0,(anonymous_674)
FNDA:0,(anonymous_675)
FNDA:0,(anonymous_676)
FNDA:0,(anonymous_677)
FNDA:0,(anonymous_678)
FNDA:0,tr
FNDA:0,ar
FNDA:0,(anonymous_681)
FNDA:0,ir
FNDA:0,(anonymous_683)
FNDA:0,or
FNDA:0,(anonymous_685)
FNDA:0,(anonymous_686)
FNDA:0,(anonymous_687)
FNDA:0,lr
FNDA:0,ur
FNDA:0,_r
FNDA:0,mr
FNDA:0,fr
FNDA:0,hr
FNDA:0,(anonymous_694)
FNDA:0,yr
FNDA:0,br
FNDA:0,a
FNDA:0,kr
FNDA:0,(anonymous_699)
FNDA:0,wr
FNDA:0,Dr
FNDA:0,(anonymous_702)
FNDA:0,Sr
FNDA:0,Hr
FNDA:0,(anonymous_705)
FNDA:0,(anonymous_706)
FNDA:0,(anonymous_707)
FNDA:0,(anonymous_708)
FNDA:0,Cr
FNDA:0,Pr
FNDA:0,(anonymous_711)
FNDA:0,(anonymous_712)
FNDA:0,Nr
FNDA:0,(anonymous_714)
FNDA:0,Gr
FNDA:0,(anonymous_716)
FNDA:0,Jr
FNDA:0,(anonymous_718)
FNDA:0,Ur
FNDA:0,(anonymous_720)
FNDA:0,(anonymous_721)
FNDA:0,na
FNDA:0,(anonymous_723)
FNDA:0,ra
FNDA:0,aa
FNDA:0,ia
FNDA:0,(anonymous_727)
FNDA:0,(anonymous_728)
FNDA:0,(anonymous_729)
FNDA:0,oa
FNDA:0,da
FNDA:0,(anonymous_732)
FNDA:0,la
FNDA:0,ua
FNDA:0,(anonymous_735)
FNDA:0,(anonymous_736)
FNDA:0,(anonymous_737)
FNDA:0,_a
FNDA:0,(anonymous_739)
FNDA:0,Y
FNDA:0,(anonymous_741)
FNDA:0,ca
FNDA:0,ma
FNDA:0,fa
FNDA:0,(anonymous_745)
FNDA:0,u
FNDA:0,_
FNDA:0,(anonymous_748)
FNDA:0,(anonymous_749)
FNDA:0,c
FNDA:0,m
FNDA:0,f
FNDA:0,h
FNDA:0,y
FNDA:0,g
FNDA:0,M
FNDA:0,v
FNDA:0,L
FNDA:0,b
FNDA:0,(anonymous_760)
FNDA:0,n
FNDA:0,Y
FNDA:0,k
FNDA:0,(anonymous_764)
FNDA:0,w
FNDA:0,T
FNDA:0,(anonymous_767)
FNDA:0,(anonymous_768)
FNDA:0,(anonymous_769)
FNDA:0,(anonymous_770)
FNDA:0,(anonymous_771)
FNDA:0,(anonymous_772)
FNDA:0,(anonymous_773)
FNDA:0,(anonymous_774)
FNDA:0,ya
FNDA:0,(anonymous_776)
FNDA:0,ga
FNDA:0,Ma
FNDA:0,(anonymous_779)
FNDA:0,va
FNDA:0,La
FNDA:0,ba
FNDA:0,Ya
FNDA:0,ka
FNDA:0,(anonymous_785)
FNDA:0,(anonymous_786)
FNDA:0,(anonymous_787)
FNDA:0,(anonymous_788)
FNDA:0,(anonymous_789)
FNDA:0,(anonymous_790)
FNDA:0,Ta
FNDA:0,xa
FNDA:0,Sa
FNDA:0,(anonymous_794)
FNDA:0,(anonymous_795)
FNDA:0,(anonymous_796)
FNDA:0,(anonymous_797)
FNDA:0,(anonymous_798)
FNDA:0,(anonymous_799)
FNDA:0,(anonymous_800)
FNDA:0,(anonymous_801)
FNDA:0,Pa
FNDA:0,Aa
FNDA:0,Ea
FNDA:0,(anonymous_805)
FNDA:0,(anonymous_806)
FNDA:0,(anonymous_807)
FNDA:0,(anonymous_808)
FNDA:0,(anonymous_809)
FNDA:0,e
FNDA:0,(anonymous_811)
FNDA:0,(anonymous_812)
FNDA:0,(anonymous_813)
FNDA:0,(anonymous_814)
FNDA:0,(anonymous_815)
FNDA:0,(anonymous_816)
FNDA:0,(anonymous_817)
FNDA:0,(anonymous_818)
FNDA:0,(anonymous_819)
FNDA:0,(anonymous_820)
FNDA:0,(anonymous_821)
FNDA:0,(anonymous_822)
FNDA:0,(anonymous_823)
FNDA:0,(anonymous_824)
FNDA:0,(anonymous_825)
FNDA:0,(anonymous_826)
FNDA:0,(anonymous_827)
FNDA:0,(anonymous_828)
FNDA:0,(anonymous_829)
FNDA:0,(anonymous_830)
FNDA:0,s
FNDA:0,(anonymous_832)
FNDA:0,(anonymous_833)
FNDA:0,(anonymous_834)
FNDA:0,(anonymous_835)
FNDA:0,(anonymous_836)
FNDA:0,(anonymous_837)
FNDA:0,(anonymous_838)
FNDA:0,(anonymous_839)
FNDA:0,r
FNDA:0,(anonymous_841)
FNDA:0,(anonymous_842)
FNDA:0,f
FNDA:0,(anonymous_844)
FNDA:0,h
FNDA:0,p
FNDA:0,y
FNDA:0,(anonymous_848)
FNDA:0,(anonymous_849)
FNDA:0,(anonymous_850)
FNDA:0,(anonymous_851)
FNDA:0,v
FNDA:0,(anonymous_853)
FNDA:0,(anonymous_854)
FNDA:0,(anonymous_855)
FNDA:0,(anonymous_856)
FNDA:0,(anonymous_857)
FNDA:0,(anonymous_858)
FNDA:0,(anonymous_859)
FNDA:0,(anonymous_860)
FNDA:0,(anonymous_861)
FNDA:0,(anonymous_862)
FNDA:0,(anonymous_863)
FNDA:0,(anonymous_864)
FNDA:0,(anonymous_865)
FNDA:0,(anonymous_866)
FNDA:0,(anonymous_867)
FNDA:0,(anonymous_868)
FNDA:0,(anonymous_869)
FNDA:0,(anonymous_870)
FNDA:0,(anonymous_871)
FNDA:0,(anonymous_872)
FNDA:0,(anonymous_873)
FNDA:0,(anonymous_874)
FNDA:0,(anonymous_875)
FNDA:0,(anonymous_876)
FNDA:0,(anonymous_877)
FNDA:0,(anonymous_878)
FNDA:0,(anonymous_879)
FNDA:0,(anonymous_880)
FNDA:0,(anonymous_881)
FNDA:0,(anonymous_882)
FNDA:0,(anonymous_883)
FNDA:0,(anonymous_884)
FNDA:0,(anonymous_885)
FNDA:0,(anonymous_886)
FNDA:0,(anonymous_887)
FNDA:0,(anonymous_888)
FNDA:0,(anonymous_889)
FNDA:0,(anonymous_890)
FNDA:0,(anonymous_891)
FNDA:0,(anonymous_892)
FNDA:0,(anonymous_893)
FNDA:0,(anonymous_894)
FNDA:0,(anonymous_895)
FNDA:0,(anonymous_896)
FNDA:0,(anonymous_897)
FNDA:0,(anonymous_898)
FNDA:0,(anonymous_899)
FNDA:0,(anonymous_900)
FNDA:0,(anonymous_901)
FNDA:0,t
FNDA:0,(anonymous_903)
FNDA:0,(anonymous_904)
FNDA:0,(anonymous_905)
FNDA:0,(anonymous_906)
FNDA:0,(anonymous_907)
FNDA:0,(anonymous_908)
FNDA:0,(anonymous_909)
FNDA:0,(anonymous_910)
FNDA:0,(anonymous_911)
FNDA:0,(anonymous_912)
FNDA:0,(anonymous_913)
FNDA:0,(anonymous_914)
FNDA:0,(anonymous_915)
FNDA:0,(anonymous_916)
FNDA:0,(anonymous_917)
FNDA:0,(anonymous_918)
FNDA:0,(anonymous_919)
FNDA:0,(anonymous_920)
FNDA:0,(anonymous_921)
FNDA:0,(anonymous_922)
FNDA:0,(anonymous_923)
FNDA:0,(anonymous_924)
FNDA:0,(anonymous_925)
FNDA:0,(anonymous_926)
FNDA:0,(anonymous_927)
FNDA:0,(anonymous_928)
FNDA:0,(anonymous_929)
FNDA:0,(anonymous_930)
FNDA:0,(anonymous_931)
FNDA:0,t
FNDA:0,(anonymous_933)
FNDA:0,(anonymous_934)
FNDA:0,(anonymous_935)
FNDA:0,e
FNDA:0,(anonymous_937)
FNDA:0,(anonymous_938)
FNDA:0,(anonymous_939)
FNDA:0,t
FNDA:0,(anonymous_941)
FNDA:0,(anonymous_942)
FNDA:0,(anonymous_943)
FNDA:0,(anonymous_944)
FNDA:0,(anonymous_945)
FNDA:0,(anonymous_946)
FNDA:0,(anonymous_947)
FNDA:0,(anonymous_948)
FNDA:0,(anonymous_949)
FNDA:0,(anonymous_950)
FNDA:0,(anonymous_951)
FNDA:0,(anonymous_952)
FNDA:0,i
FNDA:0,s
FNDA:0,(anonymous_955)
FNDA:0,(anonymous_956)
FNDA:0,(anonymous_957)
FNDA:0,(anonymous_958)
FNDA:0,(anonymous_959)
FNDA:0,(anonymous_960)
FNDA:0,(anonymous_961)
FNDA:0,(anonymous_962)
FNDA:0,(anonymous_963)
FNDA:0,(anonymous_964)
FNDA:0,(anonymous_965)
FNDA:0,(anonymous_966)
FNDA:0,t
FNDA:0,(anonymous_968)
FNDA:0,(anonymous_969)
FNDA:0,t
FNDA:0,(anonymous_971)
FNDA:0,(anonymous_972)
FNDA:0,t
FNDA:0,(anonymous_974)
FNDA:0,(anonymous_975)
FNDA:0,(anonymous_976)
FNDA:0,(anonymous_977)
FNDA:0,(anonymous_978)
FNDA:0,(anonymous_979)
FNDA:0,(anonymous_980)
FNDA:0,(anonymous_981)
FNDA:0,(anonymous_982)
FNDA:0,(anonymous_983)
FNDA:0,(anonymous_984)
FNDA:0,(anonymous_985)
FNDA:0,(anonymous_986)
FNDA:0,(anonymous_987)
FNDA:0,(anonymous_988)
FNDA:0,(anonymous_989)
FNDA:0,(anonymous_990)
FNDA:0,(anonymous_991)
FNDA:0,(anonymous_992)
FNDA:0,(anonymous_993)
FNDA:0,(anonymous_994)
FNDA:0,(anonymous_995)
FNDA:0,(anonymous_996)
FNDA:0,(anonymous_997)
FNDA:0,(anonymous_998)
FNDA:0,(anonymous_999)
FNDA:0,(anonymous_1000)
FNDA:0,(anonymous_1001)
FNDA:0,(anonymous_1002)
FNDA:0,(anonymous_1003)
FNDA:0,(anonymous_1004)
FNDA:0,(anonymous_1005)
FNDA:0,(anonymous_1006)
FNDA:0,(anonymous_1007)
FNDA:0,(anonymous_1008)
FNDA:0,(anonymous_1009)
FNDA:0,(anonymous_1010)
FNDA:0,(anonymous_1011)
FNDA:0,(anonymous_1012)
FNDA:0,(anonymous_1013)
FNDA:0,(anonymous_1014)
FNDA:0,(anonymous_1015)
FNDA:0,(anonymous_1016)
FNDA:0,(anonymous_1017)
FNDA:0,(anonymous_1018)
FNDA:0,(anonymous_1019)
FNDA:0,(anonymous_1020)
FNDA:0,(anonymous_1021)
FNDA:0,(anonymous_1022)
FNDA:0,(anonymous_1023)
FNDA:0,(anonymous_1024)
FNDA:0,(anonymous_1025)
FNDA:0,(anonymous_1026)
FNDA:0,(anonymous_1027)
FNDA:0,(anonymous_1028)
FNDA:0,(anonymous_1029)
FNDA:0,(anonymous_1030)
FNDA:0,(anonymous_1031)
FNDA:0,(anonymous_1032)
FNDA:0,(anonymous_1033)
FNDA:0,(anonymous_1034)
FNDA:0,(anonymous_1035)
FNDA:0,(anonymous_1036)
FNDA:0,(anonymous_1037)
FNDA:0,t
FNDA:0,(anonymous_1039)
FNDA:0,(anonymous_1040)
FNDA:0,(anonymous_1041)
FNDA:0,(anonymous_1042)
FNDA:0,(anonymous_1043)
FNDA:0,(anonymous_1044)
FNDA:0,(anonymous_1045)
FNDA:0,(anonymous_1046)
FNDA:0,(anonymous_1047)
FNDA:0,(anonymous_1048)
FNDA:0,(anonymous_1049)
FNDA:0,(anonymous_1050)
FNDA:0,r
FNDA:0,(anonymous_1052)
FNDA:0,(anonymous_1053)
FNDA:0,(anonymous_1054)
FNDA:0,(anonymous_1055)
FNDA:0,(anonymous_1056)
FNDA:0,(anonymous_1057)
FNDA:0,(anonymous_1058)
FNDA:0,(anonymous_1059)
FNDA:0,(anonymous_1060)
FNDA:0,(anonymous_1061)
FNDA:0,(anonymous_1062)
FNDA:0,(anonymous_1063)
FNDA:0,(anonymous_1064)
FNDA:0,(anonymous_1065)
FNDA:0,(anonymous_1066)
FNDA:0,(anonymous_1067)
FNDA:0,(anonymous_1068)
FNDA:0,(anonymous_1069)
FNDA:0,(anonymous_1070)
FNDA:0,(anonymous_1071)
FNDA:0,(anonymous_1072)
FNDA:0,(anonymous_1073)
FNDA:0,(anonymous_1074)
FNDA:0,(anonymous_1075)
FNDA:0,(anonymous_1076)
FNDA:0,(anonymous_1077)
FNDA:0,(anonymous_1078)
FNDA:0,(anonymous_1079)
FNDA:0,(anonymous_1080)
FNDA:0,(anonymous_1081)
FNDA:0,(anonymous_1082)
FNDA:0,(anonymous_1083)
FNDA:0,t
FNDA:0,(anonymous_1085)
FNDA:0,(anonymous_1086)
FNDA:0,(anonymous_1087)
FNDA:0,(anonymous_1088)
FNDA:0,(anonymous_1089)
FNDA:0,(anonymous_1090)
FNDA:0,(anonymous_1091)
FNDA:0,(anonymous_1092)
FNDA:0,(anonymous_1093)
FNDA:0,(anonymous_1094)
FNDA:0,(anonymous_1095)
FNDA:0,(anonymous_1096)
FNDA:0,(anonymous_1097)
FNDA:0,(anonymous_1098)
FNDA:0,(anonymous_1099)
FNDA:0,(anonymous_1100)
FNDA:0,(anonymous_1101)
FNDA:0,(anonymous_1102)
FNDA:0,(anonymous_1103)
FNDA:0,(anonymous_1104)
FNDA:0,(anonymous_1105)
FNDA:0,(anonymous_1106)
FNDA:0,(anonymous_1107)
FNDA:0,(anonymous_1108)
FNDA:0,(anonymous_1109)
FNDA:0,(anonymous_1110)
FNDA:0,(anonymous_1111)
FNDA:0,(anonymous_1112)
FNDA:0,(anonymous_1113)
FNDA:0,t
FNDA:0,(anonymous_1115)
FNDA:0,(anonymous_1116)
FNDA:0,(anonymous_1117)
FNDA:0,(anonymous_1118)
FNDA:0,n
FNDA:0,r
FNDA:0,(anonymous_1121)
FNDA:0,(anonymous_1122)
FNDA:0,(anonymous_1123)
FNDA:0,(anonymous_1124)
FNDA:0,(anonymous_1125)
FNDA:0,(anonymous_1126)
FNDA:0,(anonymous_1127)
FNDA:0,(anonymous_1128)
FNDA:0,(anonymous_1129)
FNDA:0,(anonymous_1130)
FNDA:0,(anonymous_1131)
FNDA:0,(anonymous_1132)
FNDA:0,(anonymous_1133)
FNDA:0,(anonymous_1134)
FNDA:0,(anonymous_1135)
FNDA:0,(anonymous_1136)
FNDA:0,(anonymous_1137)
FNDA:0,t
FNDA:0,n
FNDA:0,(anonymous_1140)
FNDA:0,(anonymous_1141)
FNDA:0,(anonymous_1142)
FNDA:0,(anonymous_1143)
FNDA:0,(anonymous_1144)
FNDA:0,(anonymous_1145)
FNDA:0,(anonymous_1146)
FNDA:0,(anonymous_1147)
FNDA:0,(anonymous_1148)
FNDA:0,(anonymous_1149)
FNDA:0,(anonymous_1150)
FNDA:0,(anonymous_1151)
FNDA:0,(anonymous_1152)
FNDA:0,(anonymous_1153)
FNDA:0,(anonymous_1154)
FNDA:0,(anonymous_1155)
FNDA:0,(anonymous_1156)
FNDA:0,(anonymous_1157)
FNDA:0,(anonymous_1158)
FNDA:0,(anonymous_1159)
FNDA:0,(anonymous_1160)
FNDA:0,(anonymous_1161)
FNDA:0,(anonymous_1162)
FNDA:0,(anonymous_1163)
FNDA:0,(anonymous_1164)
FNDA:0,(anonymous_1165)
FNDA:0,(anonymous_1166)
FNDA:0,(anonymous_1167)
FNDA:0,(anonymous_1168)
FNDA:0,(anonymous_1169)
FNDA:0,(anonymous_1170)
FNDA:0,(anonymous_1171)
FNDA:0,(anonymous_1172)
FNDA:0,(anonymous_1173)
FNDA:0,(anonymous_1174)
FNDA:0,(anonymous_1175)
FNDA:0,(anonymous_1176)
FNDA:0,(anonymous_1177)
FNDA:0,(anonymous_1178)
FNDA:0,(anonymous_1179)
FNDA:0,(anonymous_1180)
FNDA:0,(anonymous_1181)
FNDA:0,(anonymous_1182)
FNDA:0,(anonymous_1183)
FNDA:0,(anonymous_1184)
FNDA:0,(anonymous_1185)
FNDA:0,(anonymous_1186)
FNDA:0,(anonymous_1187)
FNDA:0,(anonymous_1188)
FNDA:0,(anonymous_1189)
FNDA:0,(anonymous_1190)
FNDA:0,(anonymous_1191)
FNDA:0,(anonymous_1192)
FNDA:0,(anonymous_1193)
FNDA:0,(anonymous_1194)
FNDA:0,(anonymous_1195)
FNDA:0,(anonymous_1196)
FNDA:0,(anonymous_1197)
FNDA:0,(anonymous_1198)
FNDA:0,(anonymous_1199)
FNDA:0,(anonymous_1200)
FNDA:0,(anonymous_1201)
FNDA:0,t
FNDA:0,n
FNDA:0,(anonymous_1204)
FNDA:0,(anonymous_1205)
FNDA:0,(anonymous_1206)
FNDA:0,(anonymous_1207)
FNDA:0,(anonymous_1208)
FNDA:0,(anonymous_1209)
FNDA:0,(anonymous_1210)
FNDA:0,(anonymous_1211)
FNDA:0,(anonymous_1212)
FNDA:0,(anonymous_1213)
FNDA:0,n
FNDA:0,r
FNDA:0,a
FNDA:0,i
FNDA:0,(anonymous_1218)
FNDA:0,(anonymous_1219)
FNDA:0,(anonymous_1220)
FNDA:0,(anonymous_1221)
FNDA:0,n
FNDA:0,r
FNDA:0,a
FNDA:0,(anonymous_1225)
FNDA:0,(anonymous_1226)
FNDA:0,(anonymous_1227)
FNDA:0,(anonymous_1228)
FNDA:0,(anonymous_1229)
FNDA:0,(anonymous_1230)
FNDA:0,(anonymous_1231)
FNDA:0,(anonymous_1232)
FNDA:0,(anonymous_1233)
FNDA:0,(anonymous_1234)
FNDA:0,(anonymous_1235)
FNDA:0,(anonymous_1236)
FNDA:0,(anonymous_1237)
FNDA:0,(anonymous_1238)
FNDA:0,(anonymous_1239)
FNDA:0,(anonymous_1240)
FNDA:0,(anonymous_1241)
FNDA:0,(anonymous_1242)
FNDA:0,(anonymous_1243)
FNDA:0,t
FNDA:0,(anonymous_1245)
FNDA:0,(anonymous_1246)
FNDA:0,(anonymous_1247)
FNDA:0,(anonymous_1248)
FNDA:0,(anonymous_1249)
FNDA:0,r
FNDA:0,(anonymous_1251)
FNDA:0,(anonymous_1252)
FNDA:0,(anonymous_1253)
FNDA:0,(anonymous_1254)
FNDA:0,(anonymous_1255)
FNDA:0,(anonymous_1256)
FNDA:0,(anonymous_1257)
FNDA:0,(anonymous_1258)
FNDA:0,(anonymous_1259)
FNDA:0,(anonymous_1260)
FNDA:0,(anonymous_1261)
FNDA:0,(anonymous_1262)
FNDA:0,(anonymous_1263)
FNDA:0,(anonymous_1264)
FNDA:0,(anonymous_1265)
FNDA:0,(anonymous_1266)
FNDA:0,(anonymous_1267)
FNDA:0,(anonymous_1268)
FNDA:0,(anonymous_1269)
FNDA:0,(anonymous_1270)
FNDA:0,(anonymous_1271)
FNDA:0,(anonymous_1272)
FNDA:0,(anonymous_1273)
FNDA:0,(anonymous_1274)
FNDA:0,(anonymous_1275)
FNDA:0,(anonymous_1276)
FNDA:0,(anonymous_1277)
FNDA:0,(anonymous_1278)
FNDA:0,(anonymous_1279)
FNDA:0,(anonymous_1280)
FNDA:0,(anonymous_1281)
FNDA:0,(anonymous_1282)
FNDA:0,(anonymous_1283)
FNDA:0,(anonymous_1284)
FNDA:0,(anonymous_1285)
FNDA:0,(anonymous_1286)
FNDA:0,(anonymous_1287)
FNDA:0,(anonymous_1288)
FNDA:0,(anonymous_1289)
FNDA:0,(anonymous_1290)
FNDA:0,(anonymous_1291)
FNDA:0,(anonymous_1292)
FNDA:0,(anonymous_1293)
FNDA:0,(anonymous_1294)
FNDA:0,(anonymous_1295)
FNDA:0,(anonymous_1296)
FNDA:0,(anonymous_1297)
FNDA:0,(anonymous_1298)
FNDA:0,(anonymous_1299)
FNDA:0,(anonymous_1300)
FNDA:0,(anonymous_1301)
FNDA:0,(anonymous_1302)
FNDA:0,r
FNDA:0,a
FNDA:0,(anonymous_1305)
FNDA:0,(anonymous_1306)
FNDA:0,(anonymous_1307)
FNDA:0,(anonymous_1308)
FNDA:0,(anonymous_1309)
FNDA:0,(anonymous_1310)
FNDA:0,(anonymous_1311)
FNDA:0,(anonymous_1312)
FNDA:0,(anonymous_1313)
FNDA:0,(anonymous_1314)
FNDA:0,(anonymous_1315)
FNDA:0,t
FNDA:0,(anonymous_1317)
FNDA:0,(anonymous_1318)
FNDA:0,t
FNDA:0,(anonymous_1320)
FNDA:0,(anonymous_1321)
FNDA:0,(anonymous_1322)
FNDA:0,(anonymous_1323)
FNDA:0,(anonymous_1324)
FNDA:0,(anonymous_1325)
FNDA:0,(anonymous_1326)
FNDA:0,(anonymous_1327)
FNDA:0,(anonymous_1328)
FNDA:0,(anonymous_1329)
FNDA:0,(anonymous_1330)
FNDA:0,(anonymous_1331)
FNDA:0,(anonymous_1332)
FNDA:0,(anonymous_1333)
FNDA:0,(anonymous_1334)
FNDA:0,(anonymous_1335)
FNDA:0,(anonymous_1336)
FNDA:0,(anonymous_1337)
FNDA:0,(anonymous_1338)
FNDA:0,(anonymous_1339)
FNDA:0,r
FNDA:0,a
FNDA:0,(anonymous_1342)
FNDA:0,(anonymous_1343)
FNDA:0,(anonymous_1344)
FNDA:0,(anonymous_1345)
FNDA:0,t
FNDA:0,(anonymous_1347)
FNDA:0,(anonymous_1348)
FNDA:0,(anonymous_1349)
FNDA:0,(anonymous_1350)
FNDA:0,(anonymous_1351)
FNDA:0,(anonymous_1352)
FNDA:0,(anonymous_1353)
FNDA:0,(anonymous_1354)
FNDA:0,(anonymous_1355)
FNDA:0,(anonymous_1356)
FNDA:0,(anonymous_1357)
FNDA:0,(anonymous_1358)
FNDA:0,(anonymous_1359)
FNDA:0,(anonymous_1360)
FNDA:0,(anonymous_1361)
FNDA:0,(anonymous_1362)
FNDA:0,(anonymous_1363)
FNDA:0,(anonymous_1364)
FNDA:0,(anonymous_1365)
FNDA:0,(anonymous_1366)
FNDA:0,(anonymous_1367)
FNDA:0,(anonymous_1368)
FNDA:0,(anonymous_1369)
FNDA:0,(anonymous_1370)
FNDA:0,(anonymous_1371)
FNDA:0,(anonymous_1372)
FNDA:0,(anonymous_1373)
FNDA:0,(anonymous_1374)
FNDA:0,(anonymous_1375)
FNDA:0,(anonymous_1376)
FNDA:0,(anonymous_1377)
FNDA:0,(anonymous_1378)
FNDA:0,(anonymous_1379)
FNDA:0,(anonymous_1380)
FNDA:0,(anonymous_1381)
FNDA:0,(anonymous_1382)
FNDA:0,(anonymous_1383)
FNDA:0,(anonymous_1384)
FNDA:0,(anonymous_1385)
FNDA:0,(anonymous_1386)
FNDA:0,(anonymous_1387)
FNDA:0,(anonymous_1388)
FNDA:0,(anonymous_1389)
FNDA:0,(anonymous_1390)
FNDA:0,(anonymous_1391)
FNDA:0,(anonymous_1392)
FNDA:0,(anonymous_1393)
FNDA:0,(anonymous_1394)
FNDA:0,(anonymous_1395)
FNDA:0,(anonymous_1396)
FNDA:0,(anonymous_1397)
FNDA:0,(anonymous_1398)
FNDA:0,(anonymous_1399)
FNDA:0,(anonymous_1400)
FNDA:0,(anonymous_1401)
FNDA:0,(anonymous_1402)
FNDA:0,(anonymous_1403)
FNDA:0,n
FNDA:0,(anonymous_1405)
FNDA:0,(anonymous_1406)
FNDA:0,(anonymous_1407)
FNDA:0,(anonymous_1408)
FNDA:0,(anonymous_1409)
FNDA:0,(anonymous_1410)
FNDA:0,(anonymous_1411)
FNDA:0,(anonymous_1412)
FNDA:0,t
FNDA:0,(anonymous_1414)
FNDA:0,(anonymous_1415)
FNDA:0,(anonymous_1416)
FNDA:0,(anonymous_1417)
FNDA:0,(anonymous_1418)
FNDA:0,(anonymous_1419)
FNDA:0,(anonymous_1420)
FNDA:0,(anonymous_1421)
FNDA:0,(anonymous_1422)
FNDA:0,(anonymous_1423)
FNDA:0,(anonymous_1424)
FNDA:0,(anonymous_1425)
FNDA:0,(anonymous_1426)
FNDA:0,(anonymous_1427)
FNDA:0,(anonymous_1428)
FNDA:0,t
FNDA:0,n
FNDA:0,(anonymous_1431)
FNDA:0,(anonymous_1432)
FNDA:0,(anonymous_1433)
FNDA:0,(anonymous_1434)
FNDA:0,(anonymous_1435)
FNDA:0,(anonymous_1436)
FNDA:0,(anonymous_1437)
FNDA:0,(anonymous_1438)
FNDA:0,(anonymous_1439)
FNDA:0,(anonymous_1440)
FNDA:0,(anonymous_1441)
FNDA:0,(anonymous_1442)
FNDA:0,(anonymous_1443)
FNDA:0,(anonymous_1444)
FNDA:0,(anonymous_1445)
FNDA:0,(anonymous_1446)
FNDA:0,(anonymous_1447)
FNDA:0,(anonymous_1448)
FNDA:0,(anonymous_1449)
FNDA:0,(anonymous_1450)
FNDA:0,(anonymous_1451)
FNDA:0,(anonymous_1452)
FNDA:0,(anonymous_1453)
FNDA:0,(anonymous_1454)
FNDA:0,(anonymous_1455)
FNDA:0,(anonymous_1456)
FNDA:0,(anonymous_1457)
FNDA:0,(anonymous_1458)
FNDA:0,(anonymous_1459)
FNDA:0,(anonymous_1460)
FNDA:0,(anonymous_1461)
FNDA:0,(anonymous_1462)
FNDA:0,(anonymous_1463)
FNDA:0,(anonymous_1464)
FNDA:0,(anonymous_1465)
FNDA:0,(anonymous_1466)
FNDA:0,(anonymous_1467)
FNDA:0,(anonymous_1468)
FNDA:0,(anonymous_1469)
FNDA:0,(anonymous_1470)
FNDA:0,(anonymous_1471)
FNDA:0,(anonymous_1472)
FNDA:0,(anonymous_1473)
FNDA:0,(anonymous_1474)
FNDA:0,(anonymous_1475)
FNDA:0,i
FNDA:0,s
FNDA:0,o
FNDA:0,(anonymous_1479)
FNDA:0,c
FNDA:0,m
[...]
BRDA:20,3443,1,0
BRDA:20,3443,2,0
BRDA:20,3444,0,0
BRDA:20,3444,1,0
BRDA:20,3445,0,0
BRDA:20,3445,1,0
BRDA:20,3446,0,0
BRDA:20,3446,1,0
BRDA:20,3447,0,0
BRDA:20,3447,1,0
BRDA:20,3448,0,0
BRDA:20,3448,1,0
BRDA:20,3449,0,0
BRDA:20,3449,1,0
BRDA:20,3450,0,0
BRDA:20,3450,1,0
BRDA:20,3451,0,0
BRDA:20,3451,1,0
BRDA:20,3452,0,0
BRDA:20,3452,1,0
BRDA:20,3453,0,0
BRDA:20,3453,1,0
BRDA:20,3454,0,0
BRDA:20,3454,1,0
BRDA:20,3455,0,0
BRDA:20,3455,1,0
BRDA:20,3456,0,0
BRDA:20,3456,1,0
BRDA:20,3457,0,0
BRDA:20,3457,1,0
BRDA:20,3458,0,0
BRDA:20,3458,1,0
BRDA:20,3459,0,0
BRDA:20,3459,1,0
BRDA:20,3460,0,0
BRDA:20,3460,1,0
BRDA:20,3461,0,0
BRDA:20,3461,1,0
BRDA:20,3461,2,0
BRDA:20,3462,0,0
BRDA:20,3462,1,0
BRDA:20,3462,2,0
BRDA:20,3462,3,0
BRDA:20,3462,4,0
BRDA:20,3462,5,0
BRDA:20,3463,0,0
BRDA:20,3463,1,0
BRDA:20,3464,0,0
BRDA:20,3464,1,0
BRDA:20,3465,0,0
BRDA:20,3465,1,0
BRDA:20,3466,0,0
BRDA:20,3466,1,0
BRDA:20,3467,0,0
BRDA:20,3467,1,0
BRDA:20,3468,0,0
BRDA:20,3468,1,0
BRDA:20,3469,0,0
BRDA:20,3469,1,0
BRDA:20,3470,0,0
BRDA:20,3470,1,0
BRDA:20,3471,0,0
BRDA:20,3471,1,0
BRDA:20,3472,0,0
BRDA:20,3472,1,0
BRDA:20,3472,2,0
BRDA:20,3473,0,0
BRDA:20,3473,1,0
BRDA:20,3473,2,0
BRDA:20,3473,3,0
BRDA:20,3473,4,0
BRDA:20,3474,0,0
BRDA:20,3474,1,0
BRDA:20,3475,0,0
BRDA:20,3475,1,0
BRDA:20,3476,0,0
BRDA:20,3476,1,0
BRDA:20,3477,0,0
BRDA:20,3477,1,0
BRDA:20,3478,0,0
BRDA:20,3478,1,0
BRDA:20,3479,0,0
BRDA:20,3479,1,0
BRDA:20,3480,0,0
BRDA:20,3480,1,0
BRDA:20,3481,0,0
BRDA:20,3481,1,0
BRDA:20,3481,2,0
BRDA:20,3482,0,0
BRDA:20,3482,1,0
BRDA:20,3483,0,0
BRDA:20,3483,1,0
BRDA:20,3484,0,0
BRDA:20,3484,1,0
BRDA:20,3485,0,0
BRDA:20,3485,1,0
BRDA:20,3486,0,0
BRDA:20,3486,1,0
BRDA:20,3487,0,0
BRDA:20,3487,1,0
BRDA:20,3487,2,0
BRDA:20,3488,0,0
BRDA:20,3488,1,0
BRDA:20,3489,0,0
BRDA:20,3489,1,0
BRDA:20,3490,0,0
BRDA:20,3490,1,0
BRDA:20,3491,0,0
BRDA:20,3491,1,0
BRDA:20,3492,0,0
BRDA:20,3492,1,0
BRDA:20,3493,0,0
BRDA:20,3493,1,0
BRDA:20,3494,0,0
BRDA:20,3494,1,0
BRDA:20,3494,2,0
BRDA:20,3494,3,0
BRDA:20,3495,0,0
BRDA:20,3495,1,0
BRDA:20,3495,2,0
BRDA:27,3496,0,0
BRDA:27,3496,1,0
BRDA:27,3496,2,0
BRDA:27,3496,3,0
BRDA:27,3497,0,0
BRDA:27,3497,1,0
BRDA:27,3497,2,0
BRDA:27,3498,0,0
BRDA:27,3498,1,0
BRDA:27,3499,0,0
BRDA:27,3499,1,0
BRDA:27,3500,0,0
BRDA:27,3500,1,0
BRDA:27,3501,0,0
BRDA:27,3501,1,0
BRDA:27,3501,2,0
BRDA:27,3502,0,0
BRDA:27,3502,1,0
BRDA:27,3503,0,0
BRDA:27,3503,1,0
BRDA:27,3503,2,0
BRDA:27,3504,0,0
BRDA:27,3504,1,0
BRDA:27,3505,0,0
BRDA:27,3505,1,0
BRDA:27,3506,0,0
BRDA:27,3506,1,0
BRDA:27,3507,0,0
BRDA:27,3507,1,0
BRDA:27,3508,0,0
BRDA:27,3508,1,0
BRDA:27,3509,0,0
BRDA:27,3509,1,0
BRDA:27,3510,0,0
BRDA:27,3510,1,0
BRDA:27,3511,0,0
BRDA:27,3511,1,0
BRDA:27,3512,0,0
BRDA:27,3512,1,0
BRDA:27,3513,0,0
BRDA:27,3513,1,0
BRDA:27,3514,0,0
BRDA:27,3514,1,0
BRDA:27,3515,0,0
BRDA:27,3515,1,0
BRDA:27,3516,0,0
BRDA:27,3516,1,0
BRDA:27,3517,0,0
BRDA:27,3517,1,0
BRDA:27,3518,0,0
BRDA:27,3518,1,0
BRDA:27,3519,0,0
BRDA:27,3519,1,0
BRDA:27,3520,0,0
BRDA:27,3520,1,0
BRDA:27,3521,0,0
BRDA:27,3521,1,0
BRDA:27,3522,0,0
BRDA:27,3522,1,0
BRDA:27,3523,0,0
BRDA:27,3523,1,0
BRDA:27,3524,0,0
BRDA:27,3524,1,0
BRDA:27,3525,0,0
BRDA:27,3525,1,0
BRDA:27,3526,0,0
BRDA:27,3526,1,0
BRDA:27,3527,0,0
BRDA:27,3527,1,0
BRDA:27,3528,0,0
BRDA:27,3528,1,0
BRDA:27,3529,0,0
BRDA:27,3529,1,0
BRDA:27,3530,0,0
BRDA:27,3530,1,0
BRDA:27,3531,0,0
BRDA:27,3531,1,0
BRDA:27,3532,0,0
BRDA:27,3532,1,0
BRDA:27,3533,0,0
BRDA:27,3533,1,0
BRDA:27,3534,0,0
BRDA:27,3534,1,0
BRDA:27,3535,0,0
BRDA:27,3535,1,0
BRDA:27,3536,0,0
BRDA:27,3536,1,0
BRDA:27,3537,0,0
BRDA:27,3537,1,0
BRDA:27,3538,0,0
BRDA:27,3538,1,0
BRDA:27,3539,0,0
BRDA:27,3539,1,0
BRDA:27,3540,0,0
BRDA:27,3540,1,0
BRDA:27,3540,2,0
BRDA:27,3541,0,0
BRDA:27,3541,1,0
BRDA:27,3542,0,0
BRDA:27,3542,1,0
BRDA:27,3543,0,0
BRDA:27,3543,1,0
BRDA:27,3544,0,0
BRDA:27,3544,1,0
BRDA:27,3545,0,0
BRDA:27,3545,1,0
BRDA:27,3546,0,0
BRDA:27,3546,1,0
BRDA:27,3547,0,0
BRDA:27,3547,1,0
BRDA:27,3547,2,0
BRDA:27,3548,0,0
BRDA:27,3548,1,0
BRDA:27,3549,0,0
BRDA:27,3549,1,0
BRDA:27,3550,0,0
BRDA:27,3550,1,0
BRDA:27,3551,0,0
BRDA:27,3551,1,0
BRDA:27,3552,0,0
BRDA:27,3552,1,0
BRDA:27,3553,0,0
BRDA:27,3553,1,0
BRDA:27,3554,0,0
BRDA:27,3554,1,0
BRDA:27,3554,2,0
BRDA:27,3554,3,0
BRDA:27,3554,4,0
BRDA:27,3555,0,0
BRDA:27,3555,1,0
BRDA:27,3556,0,0
BRDA:27,3556,1,0
BRDA:27,3557,0,0
BRDA:27,3557,1,0
BRDA:27,3558,0,0
BRDA:27,3558,1,0
BRDA:27,3558,2,0
BRDA:27,3558,3,0
BRDA:27,3558,4,0
BRDA:27,3558,5,0
BRDA:27,3559,0,0
BRDA:27,3559,1,0
BRDA:27,3559,2,0
BRDA:27,3559,3,0
BRDA:27,3559,4,0
BRDA:27,3559,5,0
BRDA:27,3560,0,0
BRDA:27,3560,1,0
BRDA:27,3561,0,0
BRDA:27,3561,1,0
BRDA:27,3562,0,0
BRDA:27,3562,1,0
BRDA:27,3563,0,0
BRDA:27,3563,1,0
BRDA:27,3564,0,0
BRDA:27,3564,1,0
BRDA:27,3565,0,0
BRDA:27,3565,1,0
BRDA:27,3566,0,0
BRDA:27,3566,1,0
BRDA:27,3567,0,0
BRDA:27,3567,1,0
BRDA:27,3568,0,0
BRDA:27,3568,1,0
BRDA:27,3569,0,0
BRDA:27,3569,1,0
BRDA:27,3570,0,0
BRDA:27,3570,1,0
BRDA:27,3571,0,0
BRDA:27,3571,1,0
BRDA:27,3571,2,0
BRDA:27,3571,3,0
BRDA:27,3572,0,0
BRDA:27,3572,1,0
BRDA:27,3573,0,0
BRDA:27,3573,1,0
BRDA:27,3574,0,0
BRDA:27,3574,1,0
BRDA:27,3575,0,0
BRDA:27,3575,1,0
BRDA:27,3576,0,0
BRDA:27,3576,1,0
BRDA:27,3576,2,0
BRDA:27,3576,3,0
BRDA:27,3576,4,0
BRDA:27,3577,0,0
BRDA:27,3577,1,0
BRDA:27,3578,0,0
BRDA:27,3578,1,0
BRDA:27,3579,0,0
BRDA:27,3579,1,0
BRDA:27,3580,0,0
BRDA:27,3580,1,0
BRDA:27,3581,0,0
BRDA:27,3581,1,0
BRDA:27,3582,0,0
BRDA:27,3582,1,0
BRDA:27,3583,0,0
BRDA:27,3583,1,0
BRDA:27,3584,0,0
BRDA:27,3584,1,0
BRDA:27,3585,0,0
BRDA:27,3585,1,0
BRDA:27,3586,0,0
BRDA:27,3586,1,0
BRDA:27,3587,0,0
BRDA:27,3587,1,0
BRDA:27,3588,0,0
BRDA:27,3588,1,0
BRDA:27,3588,2,0
BRDA:27,3589,0,0
BRDA:27,3589,1,0
BRDA:27,3589,2,0
BRDA:27,3589,3,0
BRDA:27,3589,4,0
BRDA:27,3589,5,0
BRDA:27,3590,0,0
BRDA:27,3590,1,0
BRDA:27,3591,0,0
BRDA:27,3591,1,0
BRDA:27,3591,2,0
BRDA:27,3592,0,0
BRDA:27,3592,1,0
BRDA:27,3593,0,0
BRDA:27,3593,1,0
BRDA:27,3594,0,0
BRDA:27,3594,1,0
BRDA:27,3595,0,0
BRDA:27,3595,1,0
BRDA:27,3596,0,0
BRDA:27,3596,1,0
BRDA:27,3597,0,0
BRDA:27,3597,1,0
BRDA:27,3598,0,0
BRDA:27,3598,1,0
BRDA:27,3599,0,0
BRDA:27,3599,1,0
BRDA:27,3600,0,0
BRDA:27,3600,1,0
BRDA:27,3601,0,0
BRDA:27,3601,1,0
BRDA:27,3602,0,0
BRDA:27,3602,1,0
BRDA:27,3603,0,0
BRDA:27,3603,1,0
BRDA:27,3604,0,0
BRDA:27,3604,1,0
BRDA:27,3605,0,0
BRDA:27,3605,1,0
BRDA:27,3606,0,0
BRDA:27,3606,1,0
BRDA:27,3607,0,0
BRDA:27,3607,1,0
BRDA:27,3608,0,0
BRDA:27,3608,1,0
BRDA:27,3609,0,0
BRDA:27,3609,1,0
BRDA:27,3610,0,0
BRDA:27,3610,1,0
BRDA:27,3611,0,0
BRDA:27,3611,1,0
BRDA:27,3612,0,0
BRDA:27,3612,1,0
BRDA:27,3613,0,0
BRDA:27,3613,1,0
BRDA:27,3614,0,0
BRDA:27,3614,1,0
BRDA:27,3615,0,0
BRDA:27,3615,1,0
BRDA:27,3615,2,0
BRDA:27,3616,0,0
BRDA:27,3616,1,0
BRDA:27,3617,0,0
BRDA:27,3617,1,0
BRDA:27,3618,0,0
BRDA:27,3618,1,0
BRDA:27,3619,0,0
BRDA:27,3619,1,0
BRDA:27,3619,2,0
BRDA:27,3619,3,0
BRDA:27,3620,0,0
BRDA:27,3620,1,0
BRDA:27,3621,0,0
BRDA:27,3621,1,0
BRDA:27,3622,0,0
BRDA:27,3622,1,0
BRDA:27,3623,0,0
BRDA:27,3623,1,0
BRDA:27,3624,0,0
BRDA:27,3624,1,0
BRDA:27,3625,0,0
BRDA:27,3625,1,0
BRDA:27,3626,0,0
BRDA:27,3626,1,0
BRDA:27,3627,0,0
BRDA:27,3627,1,0
BRDA:27,3628,0,0
BRDA:27,3628,1,0
BRDA:27,3629,0,0
BRDA:27,3629,1,0
BRDA:27,3629,2,0
BRDA:27,3629,3,0
BRDA:27,3629,4,0
BRDA:27,3629,5,0
BRDA:27,3629,6,0
BRDA:27,3629,7,0
BRDA:27,3629,8,0
BRDA:27,3629,9,0
BRDA:27,3630,0,0
BRDA:27,3630,1,0
BRDA:27,3631,0,0
BRDA:27,3631,1,0
BRDA:27,3632,0,0
BRDA:27,3632,1,0
BRDA:27,3633,0,0
BRDA:27,3633,1,0
BRDA:27,3634,0,0
BRDA:27,3634,1,0
BRDA:27,3635,0,0
BRDA:27,3635,1,0
BRDA:27,3636,0,0
BRDA:27,3636,1,0
BRDA:27,3637,0,0
BRDA:27,3637,1,0
BRDA:27,3637,2,0
BRDA:27,3637,3,0
BRDA:27,3638,0,0
BRDA:27,3638,1,0
BRDA:27,3639,0,0
BRDA:27,3639,1,0
BRDA:27,3640,0,0
BRDA:27,3640,1,0
BRDA:27,3641,0,0
BRDA:27,3641,1,0
BRDA:27,3642,0,0
BRDA:27,3642,1,0
BRDA:27,3643,0,0
BRDA:27,3643,1,0
BRDA:27,3644,0,0
BRDA:27,3644,1,0
BRDA:27,3645,0,0
BRDA:27,3645,1,0
BRDA:27,3646,0,0
BRDA:27,3646,1,0
BRDA:27,3647,0,0
BRDA:27,3647,1,0
BRDA:27,3648,0,0
BRDA:27,3648,1,0
BRDA:27,3649,0,0
BRDA:27,3649,1,0
BRDA:27,3649,2,0
BRDA:27,3649,3,0
BRDA:27,3650,0,0
BRDA:27,3650,1,0
BRDA:27,3651,0,0
BRDA:27,3651,1,0
BRDA:27,3651,2,0
BRDA:27,3651,3,0
BRDA:27,3651,4,0
BRDA:27,3651,5,0
BRDA:27,3652,0,0
BRDA:27,3652,1,0
BRDA:27,3652,2,0
BRDA:27,3652,3,0
BRDA:27,3652,4,0
BRDA:27,3652,5,0
BRDA:27,3652,6,0
BRDA:27,3652,7,0
BRDA:27,3652,8,0
BRDA:27,3652,9,0
BRDA:27,3652,10,0
BRDA:27,3653,0,0
BRDA:27,3653,1,0
BRDA:27,3653,2,0
BRDA:27,3653,3,0
BRDA:27,3653,4,0
BRDA:27,3653,5,0
BRDA:27,3653,6,0
BRDA:27,3653,7,0
BRDA:27,3653,8,0
BRDA:27,3653,9,0
BRDA:27,3654,0,0
BRDA:27,3654,1,0
BRDA:27,3654,2,0
BRDA:27,3654,3,0
BRDA:27,3654,4,0
BRDA:27,3654,5,0
BRDA:27,3655,0,0
BRDA:27,3655,1,0
BRDA:27,3656,0,0
BRDA:27,3656,1,0
BRDA:27,3656,2,0
BRDA:27,3656,3,0
BRDA:27,3657,0,0
BRDA:27,3657,1,0
BRDA:27,3657,2,0
BRDA:27,3657,3,0
BRDA:27,3658,0,0
BRDA:27,3658,1,0
BRDA:27,3658,2,0
BRDA:27,3658,3,0
BRDA:27,3658,4,0
BRDA:27,3659,0,0
BRDA:27,3659,1,0
BRDA:27,3660,0,0
BRDA:27,3660,1,0
BRDA:27,3661,0,0
BRDA:27,3661,1,0
BRDA:27,3662,0,0
BRDA:27,3662,1,0
BRDA:27,3663,0,0
BRDA:27,3663,1,0
BRDA:27,3663,2,0
BRDA:27,3663,3,0
BRDA:27,3664,0,0
BRDA:27,3664,1,0
BRDA:27,3665,0,0
BRDA:27,3665,1,0
BRDA:27,3666,0,0
BRDA:27,3666,1,0
BRDA:27,3666,2,0
BRDA:27,3667,0,0
BRDA:27,3667,1,0
BRDA:27,3668,0,0
BRDA:27,3668,1,0
BRDA:27,3669,0,0
BRDA:27,3669,1,0
BRDA:27,3670,0,0
BRDA:27,3670,1,0
BRDA:27,3671,0,0
BRDA:27,3671,1,0
BRDA:27,3671,2,0
BRDA:27,3671,3,0
BRDA:27,3671,4,0
BRDA:27,3671,5,0
BRDA:27,3671,6,0
BRDA:27,3671,7,0
BRDA:27,3671,8,0
BRDA:27,3671,9,0
BRDA:27,3671,10,0
BRDA:27,3672,0,0
BRDA:27,3672,1,0
BRDA:27,3673,0,0
BRDA:27,3673,1,0
BRDA:27,3674,0,0
BRDA:27,3674,1,0
BRDA:27,3675,0,0
BRDA:27,3675,1,0
BRDA:27,3676,0,0
BRDA:27,3676,1,0
BRDA:27,3677,0,0
BRDA:27,3677,1,0
BRDA:27,3678,0,0
BRDA:27,3678,1,0
BRDA:27,3679,0,0
BRDA:27,3679,1,0
BRDA:27,3680,0,0
BRDA:27,3680,1,0
BRDA:27,3681,0,0
BRDA:27,3681,1,0
BRDA:27,3682,0,0
BRDA:27,3682,1,0
BRDA:27,3683,0,0
BRDA:27,3683,1,0
BRDA:27,3684,0,0
BRDA:27,3684,1,0
BRDA:27,3685,0,0
BRDA:27,3685,1,0
BRDA:27,3685,2,0
BRDA:27,3685,3,0
BRDA:27,3685,4,0
BRDA:27,3686,0,0
BRDA:27,3686,1,0
BRDA:27,3687,0,0
BRDA:27,3687,1,0
BRDA:27,3688,0,0
BRDA:27,3688,1,0
BRDA:27,3689,0,0
BRDA:27,3689,1,0
BRDA:27,3690,0,0
BRDA:27,3690,1,0
BRDA:27,3691,0,0
BRDA:27,3691,1,0
BRDA:27,3692,0,0
BRDA:27,3692,1,0
BRDA:27,3693,0,0
BRDA:27,3693,1,0
BRDA:27,3694,0,0
BRDA:27,3694,1,0
BRDA:27,3695,0,0
BRDA:27,3695,1,0
BRDA:27,3696,0,0
BRDA:27,3696,1,0
BRDA:27,3697,0,0
BRDA:27,3697,1,0
BRDA:27,3698,0,0
BRDA:27,3698,1,0
BRDA:27,3699,0,0
BRDA:27,3699,1,0
BRDA:27,3700,0,0
BRDA:27,3700,1,0
BRDA:27,3701,0,0
BRDA:27,3701,1,0
BRDA:27,3702,0,0
BRDA:27,3702,1,0
BRDA:27,3703,0,0
BRDA:27,3703,1,0
BRDA:27,3704,0,0
BRDA:27,3704,1,0
BRDA:27,3705,0,0
BRDA:27,3705,1,0
BRDA:27,3706,0,0
BRDA:27,3706,1,0
BRDA:27,3707,0,0
BRDA:27,3707,1,0
BRDA:27,3708,0,0
BRDA:27,3708,1,0
BRDA:27,3709,0,0
BRDA:27,3709,1,0
BRDA:27,3710,0,0
BRDA:27,3710,1,0
BRDA:27,3711,0,0
BRDA:27,3711,1,0
BRDA:27,3712,0,0
BRDA:27,3712,1,0
BRDA:27,3713,0,0
BRDA:27,3713,1,0
BRDA:27,3714,0,0
BRDA:27,3714,1,0
BRDA:27,3715,0,0
BRDA:27,3715,1,0
BRDA:27,3716,0,0
BRDA:27,3716,1,0
BRDA:27,3717,0,0
BRDA:27,3717,1,0
BRDA:27,3718,0,0
BRDA:27,3718,1,0
BRDA:27,3719,0,0
BRDA:27,3719,1,0
BRDA:27,3720,0,0
BRDA:27,3720,1,0
BRDA:27,3721,0,0
BRDA:27,3721,1,0
BRDA:27,3722,0,0
BRDA:27,3722,1,0
BRDA:27,3723,0,0
BRDA:27,3723,1,0
BRDA:27,3724,0,0
BRDA:27,3724,1,0
BRDA:27,3725,0,0
BRDA:27,3725,1,0
BRF:8491
BRH:0
end_of_record
TN:
SF:/home/cory/development/Personal/TheBaseballGauge/gamechanger/src/GameChanger.vue
FN:294,data
FN:313,update_games_interval_frequency
FN:315,(anonymous_12)
FN:321,handler
FN:326,handler
FN:331,handler
FN:336,handler
FN:341,handler
FN:359,handler
FN:360,(anonymous_19)
FN:375,handler
FN:381,handler
FN:387,mounted
FN:392,(anonymous_23)
FN:417,(anonymous_24)
FN:422,ordered_teams_by_league
FN:423,(anonymous_26)
FN:424,(anonymous_27)
FN:427,priorityDataForDropdown
FN:456,deletePriority
FN:461,updateGames
FN:474,(anonymous_31)
FN:486,(anonymous_33)
FN:522,sortGames
FN:537,launch
FN:541,(anonymous_36)
FN:546,setGameWindowUrl
FN:557,(anonymous_38)
FN:565,checkChild
FN:571,findCurrentGame
FN:583,(anonymous_41)
FN:585,(anonymous_42)
FN:617,gameAndPriorityMatch
FN:717,ordered_filtered_games
FN:718,(anonymous_45)
FN:726,(anonymous_46)
FN:736,currentPriorityIndex
FN:737,(anonymous_48)
FN:745,currentPriorityDescription
FN:801,(anonymous_50)
FN:806,(anonymous_51)
FN:809,(anonymous_52)
FN:816,(anonymous_53)
FN:819,(anonymous_54)
FN:874,currentlyShowing
FN:875,(anonymous_56)
FN:876,(anonymous_57)
FNF:47
FNH:0
FNDA:0,data
FNDA:0,update_games_interval_frequency
FNDA:0,(anonymous_12)
FNDA:0,handler
FNDA:0,handler
FNDA:0,handler
FNDA:0,handler
FNDA:0,handler
FNDA:0,handler
FNDA:0,(anonymous_19)
FNDA:0,handler
FNDA:0,handler
FNDA:0,mounted
FNDA:0,(anonymous_23)
FNDA:0,(anonymous_24)
FNDA:0,ordered_teams_by_league
FNDA:0,(anonymous_26)
FNDA:0,(anonymous_27)
FNDA:0,priorityDataForDropdown
FNDA:0,deletePriority
FNDA:0,updateGames
FNDA:0,(anonymous_31)
FNDA:0,(anonymous_33)
FNDA:0,sortGames
FNDA:0,launch
FNDA:0,(anonymous_36)
FNDA:0,setGameWindowUrl
FNDA:0,(anonymous_38)
FNDA:0,checkChild
FNDA:0,findCurrentGame
FNDA:0,(anonymous_41)
FNDA:0,(anonymous_42)
FNDA:0,gameAndPriorityMatch
FNDA:0,ordered_filtered_games
FNDA:0,(anonymous_45)
FNDA:0,(anonymous_46)
FNDA:0,currentPriorityIndex
FNDA:0,(anonymous_48)
FNDA:0,currentPriorityDescription
FNDA:0,(anonymous_50)
FNDA:0,(anonymous_51)
FNDA:0,(anonymous_52)
FNDA:0,(anonymous_53)
FNDA:0,(anonymous_54)
FNDA:0,currentlyShowing
FNDA:0,(anonymous_56)
FNDA:0,(anonymous_57)
DA:283,0
DA:284,0
DA:285,0
DA:286,0
DA:287,0
DA:290,0
DA:295,0
DA:313,0
DA:314,0
DA:315,0
DA:316,0
DA:318,0
DA:322,0
DA:327,0
DA:332,0
DA:337,0
DA:342,0
DA:347,0
DA:353,0
DA:354,0
DA:360,0
DA:364,0
DA:365,0
DA:367,0
DA:376,0
DA:382,0
DA:387,0
DA:388,0
DA:389,0
DA:390,0
DA:392,0
DA:393,0
DA:394,0
DA:396,0
DA:397,0
DA:399,0
DA:400,0
DA:402,0
DA:403,0
DA:405,0
DA:406,0
DA:408,0
DA:409,0
DA:411,0
DA:412,0
DA:416,0
DA:417,0
DA:418,0
DA:423,0
DA:424,0
DA:425,0
DA:428,0
DA:430,0
DA:434,0
DA:435,0
DA:437,0
DA:438,0
DA:442,0
DA:443,0
DA:445,0
DA:446,0
DA:448,0
DA:449,0
DA:451,0
DA:452,0
DA:454,0
DA:457,0
DA:458,0
DA:461,0
DA:462,0
DA:463,0
DA:464,0
DA:465,0
DA:466,0
DA:467,0
DA:469,0
DA:470,0
DA:471,0
DA:472,0
DA:474,0
DA:475,0
DA:476,0
DA:477,0
DA:481,0
DA:482,0
DA:483,0
DA:486,0
DA:489,0
DA:493,0
DA:516,0
DA:518,0
DA:519,0
DA:523,0
DA:527,0
DA:528,0
DA:531,0
DA:537,0
DA:538,0
DA:539,0
DA:540,0
DA:541,0
DA:542,0
DA:546,0
DA:547,0
DA:548,0
DA:549,0
DA:554,0
DA:557,0
DA:558,0
DA:566,0
DA:567,0
DA:568,0
DA:572,0
DA:573,0
DA:574,0
DA:577,0
DA:582,0
DA:583,0
DA:585,0
DA:586,0
DA:591,0
DA:592,0
DA:593,0
DA:594,0
DA:595,0
DA:596,0
DA:602,0
DA:603,0
DA:610,0
DA:611,0
DA:614,0
DA:615,0
DA:618,0
DA:620,0
DA:633,0
DA:635,0
DA:644,0
DA:649,0
DA:656,0
DA:663,0
DA:665,0
DA:673,0
DA:674,0
DA:675,0
DA:680,0
DA:681,0
DA:687,0
DA:690,0
DA:692,0
DA:696,0
DA:698,0
DA:703,0
DA:705,0
DA:708,0
DA:711,0
DA:712,0
DA:718,0
DA:719,0
DA:723,0
DA:724,0
DA:726,0
DA:728,0
DA:736,0
DA:737,0
DA:739,0
DA:745,0
DA:746,0
DA:747,0
DA:749,0
DA:754,0
DA:757,0
DA:762,0
DA:766,0
DA:768,0
DA:772,0
DA:777,0
DA:780,0
DA:785,0
DA:789,0
DA:794,0
DA:798,0
DA:801,0
DA:802,0
DA:806,0
DA:809,0
DA:812,0
DA:816,0
DA:819,0
DA:822,0
DA:826,0
DA:828,0
DA:830,0
DA:831,0
DA:839,0
DA:841,0
DA:847,0
DA:849,0
DA:850,0
DA:852,0
DA:858,0
DA:859,0
DA:863,0
DA:868,0
DA:871,0
DA:874,0
DA:875,0
DA:876,0
DA:879,0
LF:208
LH:0
BRDA:342,0,0,0
BRDA:342,0,1,0
BRDA:342,1,0,0
BRDA:342,1,1,0
BRDA:342,1,2,0
BRDA:364,2,0,0
BRDA:364,2,1,0
BRDA:389,3,0,0
BRDA:389,3,1,0
BRDA:396,4,0,0
BRDA:396,4,1,0
BRDA:399,5,0,0
BRDA:399,5,1,0
BRDA:402,6,0,0
BRDA:402,6,1,0
BRDA:405,7,0,0
BRDA:405,7,1,0
BRDA:408,8,0,0
BRDA:408,8,1,0
BRDA:411,9,0,0
BRDA:411,9,1,0
BRDA:425,10,0,0
BRDA:425,10,1,0
BRDA:431,11,0,0
BRDA:431,11,1,0
BRDA:431,11,2,0
BRDA:431,11,3,0
BRDA:431,11,4,0
BRDA:431,11,5,0
BRDA:431,11,6,0
BRDA:431,11,7,0
BRDA:431,11,8,0
BRDA:431,11,9,0
BRDA:457,12,0,0
BRDA:457,12,1,0
BRDA:483,13,0,0
BRDA:483,13,1,0
BRDA:486,14,0,0
BRDA:486,14,1,0
BRDA:493,15,0,0
BRDA:493,15,1,0
BRDA:493,16,0,0
BRDA:493,16,1,0
BRDA:493,16,2,0
BRDA:493,16,3,0
BRDA:523,17,0,0
BRDA:523,17,1,0
BRDA:527,18,0,0
BRDA:527,18,1,0
BRDA:527,19,0,0
BRDA:527,19,1,0
BRDA:528,20,0,0
BRDA:528,20,1,0
BRDA:531,21,0,0
BRDA:531,21,1,0
BRDA:548,22,0,0
BRDA:548,22,1,0
BRDA:558,23,0,0
BRDA:558,23,1,0
BRDA:566,24,0,0
BRDA:566,24,1,0
BRDA:583,25,0,0
BRDA:583,25,1,0
BRDA:583,26,0,0
BRDA:583,26,1,0
BRDA:583,26,2,0
BRDA:583,26,3,0
BRDA:593,27,0,0
BRDA:593,27,1,0
BRDA:602,28,0,0
BRDA:602,28,1,0
BRDA:603,29,0,0
BRDA:603,29,1,0
BRDA:603,30,0,0
BRDA:603,30,1,0
BRDA:603,30,2,0
BRDA:603,30,3,0
BRDA:619,31,0,0
BRDA:619,31,1,0
BRDA:619,31,2,0
BRDA:619,31,3,0
BRDA:619,31,4,0
BRDA:619,31,5,0
BRDA:619,31,6,0
BRDA:619,31,7,0
BRDA:619,31,8,0
BRDA:619,31,9,0
BRDA:619,31,10,0
BRDA:620,32,0,0
BRDA:620,32,1,0
BRDA:620,32,2,0
BRDA:620,32,3,0
BRDA:620,32,4,0
BRDA:620,32,5,0
BRDA:620,32,6,0
BRDA:620,32,7,0
BRDA:620,32,8,0
BRDA:620,32,9,0
BRDA:635,33,0,0
BRDA:635,33,1,0
BRDA:635,33,2,0
BRDA:635,33,3,0
BRDA:635,33,4,0
BRDA:635,33,5,0
BRDA:644,34,0,0
BRDA:644,34,1,0
BRDA:649,35,0,0
BRDA:649,35,1,0
BRDA:649,35,2,0
BRDA:649,35,3,0
BRDA:656,36,0,0
BRDA:656,36,1,0
BRDA:656,36,2,0
BRDA:656,36,3,0
BRDA:665,37,0,0
BRDA:665,37,1,0
BRDA:665,37,2,0
BRDA:665,37,3,0
BRDA:665,37,4,0
BRDA:674,38,0,0
BRDA:674,38,1,0
BRDA:675,39,0,0
BRDA:675,39,1,0
BRDA:680,40,0,0
BRDA:680,40,1,0
BRDA:681,41,0,0
BRDA:681,41,1,0
BRDA:691,42,0,0
BRDA:691,42,1,0
BRDA:691,42,2,0
BRDA:691,42,3,0
BRDA:698,43,0,0
BRDA:698,43,1,0
BRDA:723,44,0,0
BRDA:723,44,1,0
BRDA:728,45,0,0
BRDA:728,45,1,0
BRDA:728,45,2,0
BRDA:737,46,0,0
BRDA:737,46,1,0
BRDA:739,47,0,0
BRDA:739,47,1,0
BRDA:746,48,0,0
BRDA:746,48,1,0
BRDA:746,49,0,0
BRDA:746,49,1,0
BRDA:748,50,0,0
BRDA:748,50,1,0
BRDA:748,50,2,0
BRDA:748,50,3,0
BRDA:748,50,4,0
BRDA:748,50,5,0
BRDA:748,50,6,0
BRDA:748,50,7,0
BRDA:748,50,8,0
BRDA:748,50,9,0
BRDA:748,50,10,0
BRDA:749,51,0,0
BRDA:749,51,1,0
BRDA:749,52,0,0
BRDA:749,52,1,0
BRDA:757,53,0,0
BRDA:757,53,1,0
BRDA:757,54,0,0
BRDA:757,54,1,0
BRDA:772,55,0,0
BRDA:772,55,1,0
BRDA:772,56,0,0
BRDA:772,56,1,0
BRDA:780,57,0,0
BRDA:780,57,1,0
BRDA:780,58,0,0
BRDA:780,58,1,0
BRDA:789,59,0,0
BRDA:789,59,1,0
BRDA:789,60,0,0
BRDA:789,60,1,0
BRDA:806,61,0,0
BRDA:806,61,1,0
BRDA:816,62,0,0
BRDA:816,62,1,0
BRDA:831,63,0,0
BRDA:831,63,1,0
BRDA:840,64,0,0
BRDA:840,64,1,0
BRDA:840,64,2,0
BRDA:840,64,3,0
BRDA:840,64,4,0
BRDA:875,65,0,0
BRDA:875,65,1,0
BRDA:875,66,0,0
BRDA:875,66,1,0
BRF:192
BRH:0
end_of_record
TN:
SF:/home/cory/development/Personal/TheBaseballGauge/gamechanger/src/gamechanger.js
FN:6,(anonymous_0)
FNF:1
FNH:0
FNDA:0,(anonymous_0)
DA:4,0
DA:6,0
LF:2
LH:0
BRF:0
BRH:0
end_of_record
TN:
SF:/home/cory/development/Personal/TheBaseballGauge/gamechanger/src/helpers.js
FN:1,(anonymous_0)
FN:19,(anonymous_1)
FNF:2
FNH:0
FNDA:0,(anonymous_0)
FNDA:0,(anonymous_1)
DA:1,0
DA:2,0
DA:4,0
DA:5,0
DA:6,0
DA:7,0
DA:8,0
DA:9,0
DA:13,0
DA:16,0
DA:19,0
DA:20,0
DA:21,0
DA:22,0
DA:23,0
DA:24,0
LF:16
LH:0
BRDA:5,0,0,0
BRDA:5,0,1,0
BRDA:7,1,0,0
BRDA:7,1,1,0
BRDA:23,2,0,0
BRDA:23,2,1,0
BRDA:23,3,0,0
BRDA:23,3,1,0
BRDA:23,4,0,0
BRDA:23,4,1,0
BRF:10
BRH:0
end_of_record
TN:
SF:/home/cory/development/Personal/TheBaseballGauge/gamechanger/src/components/Game.vue
FN:96,_default
FN:98,_default
FN:99,_default
FN:102,_default
FN:103,_default
FN:106,half_name
FN:113,home_name
FN:114,(anonymous_9)
FN:116,away_name
FN:117,(anonymous_11)
FN:119,main_display
FN:122,bottom_display
FN:125,game_time
FNF:13
FNH:6
FNDA:1,_default
FNDA:1,_default
FNDA:1,_default
FNDA:1,_default
FNDA:1,_default
FNDA:0,half_name
FNDA:0,home_name
FNDA:0,(anonymous_9)
FNDA:0,away_name
FNDA:0,(anonymous_11)
FNDA:1,main_display
FNDA:0,bottom_display
FNDA:0,game_time
DA:91,1
DA:107,0
DA:108,0
DA:109,0
DA:111,0
DA:113,0
DA:114,0
DA:116,0
DA:117,0
DA:120,1
DA:123,0
DA:126,0
LF:12
LH:2
BRDA:107,0,0,0
BRDA:107,0,1,0
BRDA:108,1,0,0
BRDA:108,1,1,0
BRDA:109,2,0,0
BRDA:109,2,1,0
BRF:6
BRH:0
end_of_record
